<?xml version="1.0" encoding="utf-8"?>
<coverage branch-rate="NaN" branches-covered="NaN" branches-valid="NaN" complexity="NaN" line-rate="0" lines-covered="0" lines-valid="1039" timestamp="1659427807.062" version="">
   <sources>
      <source>C:\Users\mvdm\Documents\GitHub\vandermeerlab\code-matlab\shared\util\altmany-export_fig-6c11f9f\</source>
   </sources>
   <packages>
      <package branch-rate="NaN" complexity="NaN" line-rate="0" name="">
         <classes>
            <class branch-rate="NaN" complexity="NaN" filename="append_pdfs.m" line-rate="0" name="append_pdfs">
               <methods/>
               <lines>
                  <line hits="0" number="37"/>
                  <line hits="0" number="38"/>
                  <line hits="0" number="39"/>
                  <line hits="0" number="40"/>
                  <line hits="0" number="41"/>
                  <line hits="0" number="42"/>
                  <line hits="0" number="45"/>
                  <line hits="0" number="46"/>
                  <line hits="0" number="47"/>
                  <line hits="0" number="48"/>
                  <line hits="0" number="49"/>
                  <line hits="0" number="51"/>
                  <line hits="0" number="53"/>
                  <line hits="0" number="55"/>
                  <line hits="0" number="56"/>
               </lines>
            </class>
            <class branch-rate="NaN" complexity="NaN" filename="copyfig.m" line-rate="0" name="copyfig">
               <methods/>
               <lines>
                  <line hits="0" number="19"/>
                  <line hits="0" number="20"/>
                  <line hits="0" number="23"/>
                  <line hits="0" number="25"/>
                  <line hits="0" number="26"/>
                  <line hits="0" number="28"/>
                  <line hits="0" number="29"/>
                  <line hits="0" number="30"/>
                  <line hits="0" number="31"/>
               </lines>
            </class>
            <class branch-rate="NaN" complexity="NaN" filename="crop_borders.m" line-rate="0" name="crop_borders">
               <methods/>
               <lines>
                  <line hits="0" number="16"/>
                  <line hits="0" number="17"/>
                  <line hits="0" number="19"/>
                  <line hits="0" number="20"/>
                  <line hits="0" number="21"/>
                  <line hits="0" number="23"/>
                  <line hits="0" number="24"/>
                  <line hits="0" number="25"/>
                  <line hits="0" number="26"/>
                  <line hits="0" number="27"/>
                  <line hits="0" number="28"/>
                  <line hits="0" number="31"/>
                  <line hits="0" number="32"/>
                  <line hits="0" number="35"/>
                  <line hits="0" number="36"/>
                  <line hits="0" number="37"/>
                  <line hits="0" number="38"/>
                  <line hits="0" number="39"/>
                  <line hits="0" number="40"/>
                  <line hits="0" number="41"/>
                  <line hits="0" number="44"/>
                  <line hits="0" number="45"/>
                  <line hits="0" number="48"/>
                  <line hits="0" number="49"/>
                  <line hits="0" number="50"/>
                  <line hits="0" number="51"/>
                  <line hits="0" number="52"/>
                  <line hits="0" number="53"/>
                  <line hits="0" number="54"/>
                  <line hits="0" number="57"/>
                  <line hits="0" number="58"/>
                  <line hits="0" number="61"/>
                  <line hits="0" number="62"/>
                  <line hits="0" number="63"/>
                  <line hits="0" number="64"/>
                  <line hits="0" number="65"/>
                  <line hits="0" number="66"/>
                  <line hits="0" number="67"/>
                  <line hits="0" number="70"/>
                  <line hits="0" number="71"/>
                  <line hits="0" number="75"/>
                  <line hits="0" number="76"/>
                  <line hits="0" number="80"/>
               </lines>
            </class>
            <class branch-rate="NaN" complexity="NaN" filename="eps2pdf.m" line-rate="0" name="eps2pdf">
               <methods/>
               <lines>
                  <line hits="0" number="49"/>
                  <line hits="0" number="51"/>
                  <line hits="0" number="52"/>
                  <line hits="0" number="55"/>
                  <line hits="0" number="56"/>
                  <line hits="0" number="57"/>
                  <line hits="0" number="60"/>
                  <line hits="0" number="61"/>
                  <line hits="0" number="64"/>
                  <line hits="0" number="65"/>
                  <line hits="0" number="66"/>
                  <line hits="0" number="67"/>
                  <line hits="0" number="68"/>
                  <line hits="0" number="69"/>
                  <line hits="0" number="70"/>
                  <line hits="0" number="71"/>
                  <line hits="0" number="72"/>
                  <line hits="0" number="73"/>
                  <line hits="0" number="77"/>
                  <line hits="0" number="79"/>
                  <line hits="0" number="81"/>
                  <line hits="0" number="83"/>
                  <line hits="0" number="84"/>
                  <line hits="0" number="86"/>
                  <line hits="0" number="87"/>
                  <line hits="0" number="89"/>
                  <line hits="0" number="90"/>
                  <line hits="0" number="93"/>
                  <line hits="0" number="94"/>
                  <line hits="0" number="97"/>
                  <line hits="0" number="99"/>
                  <line hits="0" number="102"/>
                  <line hits="0" number="104"/>
                  <line hits="0" number="105"/>
                  <line hits="0" number="106"/>
                  <line hits="0" number="107"/>
                  <line hits="0" number="114"/>
                  <line hits="0" number="115"/>
                  <line hits="0" number="116"/>
                  <line hits="0" number="120"/>
                  <line hits="0" number="122"/>
                  <line hits="0" number="123"/>
                  <line hits="0" number="124"/>
                  <line hits="0" number="126"/>
                  <line hits="0" number="127"/>
                  <line hits="0" number="128"/>
                  <line hits="0" number="129"/>
                  <line hits="0" number="131"/>
                  <line hits="0" number="133"/>
               </lines>
            </class>
            <class branch-rate="NaN" complexity="NaN" filename="export_fig.m" line-rate="0" name="export_fig">
               <methods/>
               <lines>
                  <line hits="0" number="182"/>
                  <line hits="0" number="184"/>
                  <line hits="0" number="186"/>
                  <line hits="0" number="187"/>
                  <line hits="0" number="189"/>
                  <line hits="0" number="190"/>
                  <line hits="0" number="192"/>
                  <line hits="0" number="193"/>
                  <line hits="0" number="196"/>
                  <line hits="0" number="201"/>
                  <line hits="0" number="202"/>
                  <line hits="0" number="203"/>
                  <line hits="0" number="204"/>
                  <line hits="0" number="206"/>
                  <line hits="0" number="207"/>
                  <line hits="0" number="208"/>
                  <line hits="0" number="209"/>
                  <line hits="0" number="210"/>
                  <line hits="0" number="212"/>
                  <line hits="0" number="216"/>
                  <line hits="0" number="217"/>
                  <line hits="0" number="219"/>
                  <line hits="0" number="220"/>
                  <line hits="0" number="221"/>
                  <line hits="0" number="222"/>
                  <line hits="0" number="223"/>
                  <line hits="0" number="224"/>
                  <line hits="0" number="227"/>
                  <line hits="0" number="228"/>
                  <line hits="0" number="229"/>
                  <line hits="0" number="230"/>
                  <line hits="0" number="232"/>
                  <line hits="0" number="234"/>
                  <line hits="0" number="235"/>
                  <line hits="0" number="236"/>
                  <line hits="0" number="237"/>
                  <line hits="0" number="238"/>
                  <line hits="0" number="239"/>
                  <line hits="0" number="240"/>
                  <line hits="0" number="241"/>
                  <line hits="0" number="242"/>
                  <line hits="0" number="245"/>
                  <line hits="0" number="247"/>
                  <line hits="0" number="250"/>
                  <line hits="0" number="251"/>
                  <line hits="0" number="252"/>
                  <line hits="0" number="253"/>
                  <line hits="0" number="254"/>
                  <line hits="0" number="255"/>
                  <line hits="0" number="256"/>
                  <line hits="0" number="257"/>
                  <line hits="0" number="258"/>
                  <line hits="0" number="259"/>
                  <line hits="0" number="261"/>
                  <line hits="0" number="262"/>
                  <line hits="0" number="266"/>
                  <line hits="0" number="269"/>
                  <line hits="0" number="270"/>
                  <line hits="0" number="272"/>
                  <line hits="0" number="273"/>
                  <line hits="0" number="275"/>
                  <line hits="0" number="277"/>
                  <line hits="0" number="279"/>
                  <line hits="0" number="281"/>
                  <line hits="0" number="282"/>
                  <line hits="0" number="284"/>
                  <line hits="0" number="286"/>
                  <line hits="0" number="288"/>
                  <line hits="0" number="290"/>
                  <line hits="0" number="291"/>
                  <line hits="0" number="292"/>
                  <line hits="0" number="293"/>
                  <line hits="0" number="294"/>
                  <line hits="0" number="296"/>
                  <line hits="0" number="297"/>
                  <line hits="0" number="299"/>
                  <line hits="0" number="301"/>
                  <line hits="0" number="302"/>
                  <line hits="0" number="303"/>
                  <line hits="0" number="305"/>
                  <line hits="0" number="307"/>
                  <line hits="0" number="309"/>
                  <line hits="0" number="311"/>
                  <line hits="0" number="314"/>
                  <line hits="0" number="315"/>
                  <line hits="0" number="317"/>
                  <line hits="0" number="319"/>
                  <line hits="0" number="321"/>
                  <line hits="0" number="324"/>
                  <line hits="0" number="325"/>
                  <line hits="0" number="326"/>
                  <line hits="0" number="327"/>
                  <line hits="0" number="329"/>
                  <line hits="0" number="331"/>
                  <line hits="0" number="333"/>
                  <line hits="0" number="335"/>
                  <line hits="0" number="338"/>
                  <line hits="0" number="339"/>
                  <line hits="0" number="340"/>
                  <line hits="0" number="341"/>
                  <line hits="0" number="342"/>
                  <line hits="0" number="343"/>
                  <line hits="0" number="344"/>
                  <line hits="0" number="345"/>
                  <line hits="0" number="348"/>
                  <line hits="0" number="349"/>
                  <line hits="0" number="352"/>
                  <line hits="0" number="353"/>
                  <line hits="0" number="355"/>
                  <line hits="0" number="356"/>
                  <line hits="0" number="358"/>
                  <line hits="0" number="361"/>
                  <line hits="0" number="362"/>
                  <line hits="0" number="364"/>
                  <line hits="0" number="365"/>
                  <line hits="0" number="366"/>
                  <line hits="0" number="370"/>
                  <line hits="0" number="371"/>
                  <line hits="0" number="372"/>
                  <line hits="0" number="374"/>
                  <line hits="0" number="375"/>
                  <line hits="0" number="378"/>
                  <line hits="0" number="379"/>
                  <line hits="0" number="380"/>
                  <line hits="0" number="381"/>
                  <line hits="0" number="383"/>
                  <line hits="0" number="384"/>
                  <line hits="0" number="385"/>
                  <line hits="0" number="386"/>
                  <line hits="0" number="390"/>
                  <line hits="0" number="391"/>
                  <line hits="0" number="392"/>
                  <line hits="0" number="393"/>
                  <line hits="0" number="394"/>
                  <line hits="0" number="395"/>
                  <line hits="0" number="396"/>
                  <line hits="0" number="397"/>
                  <line hits="0" number="398"/>
                  <line hits="0" number="399"/>
                  <line hits="0" number="401"/>
                  <line hits="0" number="402"/>
                  <line hits="0" number="406"/>
                  <line hits="0" number="408"/>
                  <line hits="0" number="409"/>
                  <line hits="0" number="412"/>
                  <line hits="0" number="413"/>
                  <line hits="0" number="414"/>
                  <line hits="0" number="415"/>
                  <line hits="0" number="416"/>
                  <line hits="0" number="419"/>
                  <line hits="0" number="420"/>
                  <line hits="0" number="421"/>
                  <line hits="0" number="423"/>
                  <line hits="0" number="424"/>
                  <line hits="0" number="426"/>
                  <line hits="0" number="428"/>
                  <line hits="0" number="430"/>
                  <line hits="0" number="431"/>
                  <line hits="0" number="434"/>
                  <line hits="0" number="435"/>
                  <line hits="0" number="436"/>
                  <line hits="0" number="437"/>
                  <line hits="0" number="439"/>
                  <line hits="0" number="442"/>
                  <line hits="0" number="443"/>
                  <line hits="0" number="445"/>
                  <line hits="0" number="446"/>
                  <line hits="0" number="449"/>
                  <line hits="0" number="450"/>
                  <line hits="0" number="451"/>
                  <line hits="0" number="453"/>
                  <line hits="0" number="454"/>
                  <line hits="0" number="455"/>
                  <line hits="0" number="457"/>
                  <line hits="0" number="459"/>
                  <line hits="0" number="461"/>
                  <line hits="0" number="463"/>
                  <line hits="0" number="467"/>
                  <line hits="0" number="469"/>
                  <line hits="0" number="470"/>
                  <line hits="0" number="472"/>
                  <line hits="0" number="474"/>
                  <line hits="0" number="475"/>
                  <line hits="0" number="483"/>
                  <line hits="0" number="484"/>
                  <line hits="0" number="485"/>
                  <line hits="0" number="486"/>
                  <line hits="0" number="488"/>
                  <line hits="0" number="489"/>
                  <line hits="0" number="490"/>
                  <line hits="0" number="491"/>
                  <line hits="0" number="492"/>
                  <line hits="0" number="493"/>
                  <line hits="0" number="495"/>
                  <line hits="0" number="496"/>
                  <line hits="0" number="497"/>
                  <line hits="0" number="502"/>
                  <line hits="0" number="504"/>
                  <line hits="0" number="507"/>
                  <line hits="0" number="508"/>
                  <line hits="0" number="509"/>
                  <line hits="0" number="510"/>
                  <line hits="0" number="511"/>
                  <line hits="0" number="512"/>
                  <line hits="0" number="513"/>
                  <line hits="0" number="514"/>
                  <line hits="0" number="515"/>
                  <line hits="0" number="516"/>
                  <line hits="0" number="517"/>
                  <line hits="0" number="518"/>
                  <line hits="0" number="519"/>
                  <line hits="0" number="520"/>
                  <line hits="0" number="521"/>
                  <line hits="0" number="522"/>
                  <line hits="0" number="523"/>
                  <line hits="0" number="524"/>
                  <line hits="0" number="525"/>
                  <line hits="0" number="526"/>
                  <line hits="0" number="527"/>
                  <line hits="0" number="528"/>
                  <line hits="0" number="529"/>
                  <line hits="0" number="530"/>
                  <line hits="0" number="531"/>
                  <line hits="0" number="532"/>
                  <line hits="0" number="533"/>
                  <line hits="0" number="534"/>
                  <line hits="0" number="535"/>
                  <line hits="0" number="536"/>
                  <line hits="0" number="537"/>
                  <line hits="0" number="538"/>
                  <line hits="0" number="539"/>
                  <line hits="0" number="540"/>
                  <line hits="0" number="541"/>
                  <line hits="0" number="542"/>
                  <line hits="0" number="543"/>
                  <line hits="0" number="544"/>
                  <line hits="0" number="545"/>
                  <line hits="0" number="546"/>
                  <line hits="0" number="547"/>
                  <line hits="0" number="548"/>
                  <line hits="0" number="549"/>
                  <line hits="0" number="550"/>
                  <line hits="0" number="551"/>
                  <line hits="0" number="552"/>
                  <line hits="0" number="554"/>
                  <line hits="0" number="555"/>
                  <line hits="0" number="556"/>
                  <line hits="0" number="557"/>
                  <line hits="0" number="558"/>
                  <line hits="0" number="559"/>
                  <line hits="0" number="560"/>
                  <line hits="0" number="561"/>
                  <line hits="0" number="562"/>
                  <line hits="0" number="565"/>
                  <line hits="0" number="566"/>
                  <line hits="0" number="567"/>
                  <line hits="0" number="568"/>
                  <line hits="0" number="570"/>
                  <line hits="0" number="571"/>
                  <line hits="0" number="572"/>
                  <line hits="0" number="573"/>
                  <line hits="0" number="574"/>
                  <line hits="0" number="575"/>
                  <line hits="0" number="576"/>
                  <line hits="0" number="577"/>
                  <line hits="0" number="578"/>
                  <line hits="0" number="579"/>
                  <line hits="0" number="580"/>
                  <line hits="0" number="581"/>
                  <line hits="0" number="582"/>
                  <line hits="0" number="583"/>
                  <line hits="0" number="584"/>
                  <line hits="0" number="591"/>
                  <line hits="0" number="592"/>
                  <line hits="0" number="596"/>
                  <line hits="0" number="597"/>
                  <line hits="0" number="601"/>
                  <line hits="0" number="602"/>
                  <line hits="0" number="603"/>
                  <line hits="0" number="604"/>
                  <line hits="0" number="605"/>
                  <line hits="0" number="606"/>
                  <line hits="0" number="608"/>
                  <line hits="0" number="609"/>
                  <line hits="0" number="613"/>
                  <line hits="0" number="614"/>
                  <line hits="0" number="618"/>
                  <line hits="0" number="619"/>
                  <line hits="0" number="623"/>
                  <line hits="0" number="624"/>
                  <line hits="0" number="629"/>
                  <line hits="0" number="631"/>
                  <line hits="0" number="632"/>
                  <line hits="0" number="633"/>
                  <line hits="0" number="635"/>
                  <line hits="0" number="637"/>
                  <line hits="0" number="638"/>
                  <line hits="0" number="639"/>
                  <line hits="0" number="643"/>
                  <line hits="0" number="644"/>
                  <line hits="0" number="645"/>
                  <line hits="0" number="646"/>
                  <line hits="0" number="647"/>
                  <line hits="0" number="648"/>
                  <line hits="0" number="650"/>
                  <line hits="0" number="652"/>
                  <line hits="0" number="653"/>
                  <line hits="0" number="655"/>
                  <line hits="0" number="656"/>
                  <line hits="0" number="657"/>
                  <line hits="0" number="658"/>
                  <line hits="0" number="659"/>
                  <line hits="0" number="660"/>
                  <line hits="0" number="664"/>
                  <line hits="0" number="665"/>
                  <line hits="0" number="667"/>
                  <line hits="0" number="668"/>
                  <line hits="0" number="675"/>
                  <line hits="0" number="677"/>
                  <line hits="0" number="679"/>
                  <line hits="0" number="681"/>
                  <line hits="0" number="682"/>
                  <line hits="0" number="686"/>
                  <line hits="0" number="687"/>
                  <line hits="0" number="689"/>
                  <line hits="0" number="691"/>
                  <line hits="0" number="692"/>
                  <line hits="0" number="693"/>
                  <line hits="0" number="696"/>
                  <line hits="0" number="701"/>
                  <line hits="0" number="706"/>
                  <line hits="0" number="707"/>
                  <line hits="0" number="708"/>
                  <line hits="0" number="709"/>
                  <line hits="0" number="716"/>
                  <line hits="0" number="717"/>
                  <line hits="0" number="718"/>
                  <line hits="0" number="721"/>
                  <line hits="0" number="723"/>
                  <line hits="0" number="724"/>
                  <line hits="0" number="725"/>
                  <line hits="0" number="728"/>
                  <line hits="0" number="730"/>
                  <line hits="0" number="731"/>
                  <line hits="0" number="732"/>
                  <line hits="0" number="734"/>
                  <line hits="0" number="738"/>
                  <line hits="0" number="742"/>
                  <line hits="0" number="746"/>
                  <line hits="0" number="751"/>
                  <line hits="0" number="752"/>
                  <line hits="0" number="759"/>
                  <line hits="0" number="760"/>
                  <line hits="0" number="761"/>
                  <line hits="0" number="763"/>
                  <line hits="0" number="764"/>
                  <line hits="0" number="765"/>
                  <line hits="0" number="766"/>
                  <line hits="0" number="767"/>
                  <line hits="0" number="769"/>
                  <line hits="0" number="772"/>
                  <line hits="0" number="774"/>
                  <line hits="0" number="777"/>
                  <line hits="0" number="778"/>
                  <line hits="0" number="779"/>
                  <line hits="0" number="781"/>
                  <line hits="0" number="782"/>
                  <line hits="0" number="783"/>
                  <line hits="0" number="784"/>
                  <line hits="0" number="785"/>
                  <line hits="0" number="787"/>
                  <line hits="0" number="793"/>
                  <line hits="0" number="794"/>
                  <line hits="0" number="795"/>
                  <line hits="0" number="797"/>
                  <line hits="0" number="798"/>
               </lines>
            </class>
            <class branch-rate="NaN" complexity="NaN" filename="fix_lines.m" line-rate="0" name="fix_lines">
               <methods/>
               <lines>
                  <line hits="0" number="42"/>
                  <line hits="0" number="43"/>
                  <line hits="0" number="45"/>
                  <line hits="0" number="48"/>
                  <line hits="0" number="52"/>
                  <line hits="0" number="54"/>
                  <line hits="0" number="55"/>
                  <line hits="0" number="57"/>
                  <line hits="0" number="58"/>
                  <line hits="0" number="65"/>
                  <line hits="0" number="66"/>
                  <line hits="0" number="67"/>
                  <line hits="0" number="68"/>
                  <line hits="0" number="69"/>
                  <line hits="0" number="71"/>
                  <line hits="0" number="74"/>
                  <line hits="0" number="75"/>
                  <line hits="0" number="76"/>
                  <line hits="0" number="77"/>
                  <line hits="0" number="79"/>
                  <line hits="0" number="80"/>
                  <line hits="0" number="82"/>
                  <line hits="0" number="84"/>
                  <line hits="0" number="87"/>
                  <line hits="0" number="88"/>
                  <line hits="0" number="91"/>
                  <line hits="0" number="92"/>
                  <line hits="0" number="95"/>
                  <line hits="0" number="96"/>
                  <line hits="0" number="101"/>
                  <line hits="0" number="102"/>
                  <line hits="0" number="104"/>
                  <line hits="0" number="105"/>
                  <line hits="0" number="107"/>
                  <line hits="0" number="108"/>
                  <line hits="0" number="109"/>
                  <line hits="0" number="111"/>
                  <line hits="0" number="112"/>
                  <line hits="0" number="117"/>
                  <line hits="0" number="118"/>
                  <line hits="0" number="119"/>
                  <line hits="0" number="128"/>
                  <line hits="0" number="137"/>
                  <line hits="0" number="140"/>
                  <line hits="0" number="141"/>
               </lines>
            </class>
            <class branch-rate="NaN" complexity="NaN" filename="ghostscript.m" line-rate="0" name="ghostscript">
               <methods/>
               <lines>
                  <line hits="0" number="43"/>
                  <line hits="0" number="49"/>
                  <line hits="0" number="51"/>
                  <line hits="0" number="52"/>
                  <line hits="0" number="55"/>
                  <line hits="0" number="56"/>
                  <line hits="0" number="57"/>
                  <line hits="0" number="58"/>
                  <line hits="0" number="60"/>
                  <line hits="0" number="61"/>
                  <line hits="0" number="62"/>
                  <line hits="0" number="63"/>
                  <line hits="0" number="67"/>
                  <line hits="0" number="68"/>
                  <line hits="0" number="69"/>
                  <line hits="0" number="70"/>
                  <line hits="0" number="71"/>
                  <line hits="0" number="72"/>
                  <line hits="0" number="74"/>
                  <line hits="0" number="75"/>
                  <line hits="0" number="77"/>
                  <line hits="0" number="78"/>
                  <line hits="0" number="79"/>
                  <line hits="0" number="80"/>
                  <line hits="0" number="81"/>
                  <line hits="0" number="82"/>
                  <line hits="0" number="83"/>
                  <line hits="0" number="84"/>
                  <line hits="0" number="89"/>
                  <line hits="0" number="90"/>
                  <line hits="0" number="92"/>
                  <line hits="0" number="93"/>
                  <line hits="0" number="94"/>
                  <line hits="0" number="95"/>
                  <line hits="0" number="96"/>
                  <line hits="0" number="97"/>
                  <line hits="0" number="102"/>
                  <line hits="0" number="103"/>
                  <line hits="0" number="106"/>
                  <line hits="0" number="108"/>
                  <line hits="0" number="109"/>
                  <line hits="0" number="111"/>
                  <line hits="0" number="113"/>
                  <line hits="0" number="114"/>
                  <line hits="0" number="115"/>
                  <line hits="0" number="116"/>
                  <line hits="0" number="117"/>
                  <line hits="0" number="118"/>
                  <line hits="0" number="119"/>
                  <line hits="0" number="120"/>
                  <line hits="0" number="126"/>
                  <line hits="0" number="131"/>
                  <line hits="0" number="132"/>
                  <line hits="0" number="133"/>
                  <line hits="0" number="136"/>
                  <line hits="0" number="137"/>
                  <line hits="0" number="138"/>
                  <line hits="0" number="144"/>
                  <line hits="0" number="145"/>
                  <line hits="0" number="150"/>
                  <line hits="0" number="151"/>
                  <line hits="0" number="152"/>
                  <line hits="0" number="154"/>
                  <line hits="0" number="155"/>
                  <line hits="0" number="158"/>
               </lines>
            </class>
            <class branch-rate="NaN" complexity="NaN" filename="im2gif.m" line-rate="0" name="im2gif">
               <methods/>
               <lines>
                  <line hits="0" number="47"/>
                  <line hits="0" number="49"/>
                  <line hits="0" number="51"/>
                  <line hits="0" number="55"/>
                  <line hits="0" number="56"/>
                  <line hits="0" number="57"/>
                  <line hits="0" number="58"/>
                  <line hits="0" number="59"/>
                  <line hits="0" number="60"/>
                  <line hits="0" number="61"/>
                  <line hits="0" number="62"/>
                  <line hits="0" number="63"/>
                  <line hits="0" number="64"/>
                  <line hits="0" number="66"/>
                  <line hits="0" number="67"/>
                  <line hits="0" number="69"/>
                  <line hits="0" number="70"/>
                  <line hits="0" number="71"/>
                  <line hits="0" number="72"/>
                  <line hits="0" number="74"/>
                  <line hits="0" number="76"/>
                  <line hits="0" number="79"/>
                  <line hits="0" number="82"/>
                  <line hits="0" number="88"/>
                  <line hits="0" number="89"/>
                  <line hits="0" number="90"/>
                  <line hits="0" number="96"/>
                  <line hits="0" number="97"/>
                  <line hits="0" number="98"/>
                  <line hits="0" number="99"/>
                  <line hits="0" number="100"/>
                  <line hits="0" number="101"/>
                  <line hits="0" number="102"/>
                  <line hits="0" number="103"/>
                  <line hits="0" number="104"/>
                  <line hits="0" number="105"/>
                  <line hits="0" number="106"/>
                  <line hits="0" number="107"/>
                  <line hits="0" number="108"/>
                  <line hits="0" number="109"/>
                  <line hits="0" number="110"/>
                  <line hits="0" number="112"/>
                  <line hits="0" number="113"/>
                  <line hits="0" number="114"/>
                  <line hits="0" number="115"/>
                  <line hits="0" number="116"/>
                  <line hits="0" number="119"/>
                  <line hits="0" number="120"/>
                  <line hits="0" number="125"/>
                  <line hits="0" number="126"/>
                  <line hits="0" number="127"/>
                  <line hits="0" number="130"/>
                  <line hits="0" number="131"/>
                  <line hits="0" number="134"/>
                  <line hits="0" number="136"/>
                  <line hits="0" number="143"/>
                  <line hits="0" number="145"/>
                  <line hits="0" number="146"/>
                  <line hits="0" number="147"/>
                  <line hits="0" number="148"/>
                  <line hits="0" number="149"/>
                  <line hits="0" number="150"/>
                  <line hits="0" number="151"/>
                  <line hits="0" number="153"/>
                  <line hits="0" number="154"/>
                  <line hits="0" number="155"/>
                  <line hits="0" number="156"/>
                  <line hits="0" number="157"/>
                  <line hits="0" number="158"/>
                  <line hits="0" number="159"/>
                  <line hits="0" number="161"/>
                  <line hits="0" number="163"/>
                  <line hits="0" number="164"/>
                  <line hits="0" number="165"/>
                  <line hits="0" number="166"/>
                  <line hits="0" number="168"/>
                  <line hits="0" number="169"/>
                  <line hits="0" number="170"/>
                  <line hits="0" number="173"/>
                  <line hits="0" number="174"/>
                  <line hits="0" number="175"/>
                  <line hits="0" number="176"/>
                  <line hits="0" number="177"/>
                  <line hits="0" number="178"/>
                  <line hits="0" number="179"/>
                  <line hits="0" number="180"/>
                  <line hits="0" number="182"/>
                  <line hits="0" number="183"/>
               </lines>
            </class>
            <class branch-rate="NaN" complexity="NaN" filename="isolate_axes.m" line-rate="0" name="isolate_axes">
               <methods/>
               <lines>
                  <line hits="0" number="34"/>
                  <line hits="0" number="35"/>
                  <line hits="0" number="38"/>
                  <line hits="0" number="39"/>
                  <line hits="0" number="40"/>
                  <line hits="0" number="41"/>
                  <line hits="0" number="42"/>
                  <line hits="0" number="44"/>
                  <line hits="0" number="45"/>
                  <line hits="0" number="49"/>
                  <line hits="0" number="50"/>
                  <line hits="0" number="51"/>
                  <line hits="0" number="53"/>
                  <line hits="0" number="55"/>
                  <line hits="0" number="56"/>
                  <line hits="0" number="57"/>
                  <line hits="0" number="60"/>
                  <line hits="0" number="61"/>
                  <line hits="0" number="64"/>
                  <line hits="0" number="65"/>
                  <line hits="0" number="66"/>
                  <line hits="0" number="67"/>
                  <line hits="0" number="70"/>
                  <line hits="0" number="71"/>
                  <line hits="0" number="74"/>
                  <line hits="0" number="75"/>
                  <line hits="0" number="76"/>
                  <line hits="0" number="77"/>
                  <line hits="0" number="78"/>
                  <line hits="0" number="79"/>
                  <line hits="0" number="80"/>
                  <line hits="0" number="82"/>
                  <line hits="0" number="83"/>
                  <line hits="0" number="84"/>
                  <line hits="0" number="85"/>
                  <line hits="0" number="87"/>
                  <line hits="0" number="88"/>
                  <line hits="0" number="90"/>
                  <line hits="0" number="91"/>
                  <line hits="0" number="92"/>
                  <line hits="0" number="93"/>
                  <line hits="0" number="94"/>
                  <line hits="0" number="97"/>
                  <line hits="0" number="99"/>
                  <line hits="0" number="103"/>
                  <line hits="0" number="104"/>
                  <line hits="0" number="105"/>
                  <line hits="0" number="107"/>
                  <line hits="0" number="111"/>
                  <line hits="0" number="112"/>
                  <line hits="0" number="113"/>
                  <line hits="0" number="114"/>
                  <line hits="0" number="115"/>
                  <line hits="0" number="116"/>
               </lines>
            </class>
            <class branch-rate="NaN" complexity="NaN" filename="pdf2eps.m" line-rate="0" name="pdf2eps">
               <methods/>
               <lines>
                  <line hits="0" number="25"/>
                  <line hits="0" number="27"/>
                  <line hits="0" number="29"/>
                  <line hits="0" number="31"/>
                  <line hits="0" number="32"/>
                  <line hits="0" number="33"/>
                  <line hits="0" number="34"/>
                  <line hits="0" number="38"/>
                  <line hits="0" number="39"/>
                  <line hits="0" number="41"/>
                  <line hits="0" number="43"/>
                  <line hits="0" number="44"/>
                  <line hits="0" number="45"/>
                  <line hits="0" number="46"/>
                  <line hits="0" number="47"/>
                  <line hits="0" number="49"/>
               </lines>
            </class>
            <class branch-rate="NaN" complexity="NaN" filename="pdftops.m" line-rate="0" name="pdftops">
               <methods/>
               <lines>
                  <line hits="0" number="33"/>
                  <line hits="0" number="39"/>
                  <line hits="0" number="41"/>
                  <line hits="0" number="42"/>
                  <line hits="0" number="45"/>
                  <line hits="0" number="46"/>
                  <line hits="0" number="47"/>
                  <line hits="0" number="48"/>
                  <line hits="0" number="50"/>
                  <line hits="0" number="51"/>
                  <line hits="0" number="52"/>
                  <line hits="0" number="55"/>
                  <line hits="0" number="56"/>
                  <line hits="0" number="57"/>
                  <line hits="0" number="58"/>
                  <line hits="0" number="60"/>
                  <line hits="0" number="61"/>
                  <line hits="0" number="64"/>
                  <line hits="0" number="65"/>
                  <line hits="0" number="68"/>
                  <line hits="0" number="70"/>
                  <line hits="0" number="71"/>
                  <line hits="0" number="73"/>
                  <line hits="0" number="75"/>
                  <line hits="0" number="76"/>
                  <line hits="0" number="77"/>
                  <line hits="0" number="78"/>
                  <line hits="0" number="79"/>
                  <line hits="0" number="80"/>
                  <line hits="0" number="83"/>
                  <line hits="0" number="84"/>
                  <line hits="0" number="87"/>
                  <line hits="0" number="92"/>
                  <line hits="0" number="93"/>
                  <line hits="0" number="94"/>
                  <line hits="0" number="97"/>
                  <line hits="0" number="98"/>
                  <line hits="0" number="99"/>
                  <line hits="0" number="105"/>
                  <line hits="0" number="108"/>
               </lines>
            </class>
            <class branch-rate="NaN" complexity="NaN" filename="print2array.m" line-rate="0" name="print2array">
               <methods/>
               <lines>
                  <line hits="0" number="48"/>
                  <line hits="0" number="49"/>
                  <line hits="0" number="50"/>
                  <line hits="0" number="51"/>
                  <line hits="0" number="55"/>
                  <line hits="0" number="56"/>
                  <line hits="0" number="57"/>
                  <line hits="0" number="58"/>
                  <line hits="0" number="59"/>
                  <line hits="0" number="60"/>
                  <line hits="0" number="62"/>
                  <line hits="0" number="65"/>
                  <line hits="0" number="67"/>
                  <line hits="0" number="69"/>
                  <line hits="0" number="70"/>
                  <line hits="0" number="72"/>
                  <line hits="0" number="73"/>
                  <line hits="0" number="74"/>
                  <line hits="0" number="76"/>
                  <line hits="0" number="78"/>
                  <line hits="0" number="79"/>
                  <line hits="0" number="80"/>
                  <line hits="0" number="83"/>
                  <line hits="0" number="85"/>
                  <line hits="0" number="86"/>
                  <line hits="0" number="88"/>
                  <line hits="0" number="89"/>
                  <line hits="0" number="92"/>
                  <line hits="0" number="94"/>
                  <line hits="0" number="96"/>
                  <line hits="0" number="98"/>
                  <line hits="0" number="99"/>
                  <line hits="0" number="100"/>
                  <line hits="0" number="101"/>
                  <line hits="0" number="102"/>
                  <line hits="0" number="103"/>
                  <line hits="0" number="104"/>
                  <line hits="0" number="105"/>
                  <line hits="0" number="108"/>
                  <line hits="0" number="109"/>
                  <line hits="0" number="110"/>
                  <line hits="0" number="113"/>
                  <line hits="0" number="114"/>
                  <line hits="0" number="115"/>
                  <line hits="0" number="118"/>
                  <line hits="0" number="119"/>
                  <line hits="0" number="120"/>
                  <line hits="0" number="123"/>
                  <line hits="0" number="124"/>
                  <line hits="0" number="125"/>
                  <line hits="0" number="126"/>
                  <line hits="0" number="129"/>
                  <line hits="0" number="130"/>
                  <line hits="0" number="131"/>
                  <line hits="0" number="133"/>
                  <line hits="0" number="135"/>
                  <line hits="0" number="136"/>
                  <line hits="0" number="137"/>
                  <line hits="0" number="138"/>
                  <line hits="0" number="140"/>
                  <line hits="0" number="142"/>
                  <line hits="0" number="144"/>
                  <line hits="0" number="145"/>
                  <line hits="0" number="146"/>
                  <line hits="0" number="149"/>
                  <line hits="0" number="151"/>
                  <line hits="0" number="152"/>
                  <line hits="0" number="155"/>
                  <line hits="0" number="156"/>
                  <line hits="0" number="157"/>
                  <line hits="0" number="158"/>
                  <line hits="0" number="159"/>
                  <line hits="0" number="160"/>
                  <line hits="0" number="161"/>
                  <line hits="0" number="162"/>
                  <line hits="0" number="167"/>
                  <line hits="0" number="168"/>
                  <line hits="0" number="169"/>
                  <line hits="0" number="171"/>
                  <line hits="0" number="178"/>
                  <line hits="0" number="179"/>
                  <line hits="0" number="180"/>
                  <line hits="0" number="184"/>
                  <line hits="0" number="186"/>
                  <line hits="0" number="187"/>
                  <line hits="0" number="188"/>
                  <line hits="0" number="190"/>
                  <line hits="0" number="191"/>
                  <line hits="0" number="192"/>
                  <line hits="0" number="193"/>
                  <line hits="0" number="195"/>
                  <line hits="0" number="197"/>
               </lines>
            </class>
            <class branch-rate="NaN" complexity="NaN" filename="print2eps.m" line-rate="0" name="print2eps">
               <methods/>
               <lines>
                  <line hits="0" number="62"/>
                  <line hits="0" number="63"/>
                  <line hits="0" number="64"/>
                  <line hits="0" number="65"/>
                  <line hits="0" number="66"/>
                  <line hits="0" number="67"/>
                  <line hits="0" number="68"/>
                  <line hits="0" number="72"/>
                  <line hits="0" number="73"/>
                  <line hits="0" number="76"/>
                  <line hits="0" number="77"/>
                  <line hits="0" number="78"/>
                  <line hits="0" number="80"/>
                  <line hits="0" number="81"/>
                  <line hits="0" number="82"/>
                  <line hits="0" number="83"/>
                  <line hits="0" number="86"/>
                  <line hits="0" number="87"/>
                  <line hits="0" number="88"/>
                  <line hits="0" number="89"/>
                  <line hits="0" number="90"/>
                  <line hits="0" number="91"/>
                  <line hits="0" number="92"/>
                  <line hits="0" number="93"/>
                  <line hits="0" number="94"/>
                  <line hits="0" number="95"/>
                  <line hits="0" number="96"/>
                  <line hits="0" number="97"/>
                  <line hits="0" number="100"/>
                  <line hits="0" number="102"/>
                  <line hits="0" number="104"/>
                  <line hits="0" number="105"/>
                  <line hits="0" number="106"/>
                  <line hits="0" number="107"/>
                  <line hits="0" number="108"/>
                  <line hits="0" number="109"/>
                  <line hits="0" number="110"/>
                  <line hits="0" number="111"/>
                  <line hits="0" number="112"/>
                  <line hits="0" number="113"/>
                  <line hits="0" number="116"/>
                  <line hits="0" number="117"/>
                  <line hits="0" number="118"/>
                  <line hits="0" number="119"/>
                  <line hits="0" number="121"/>
                  <line hits="0" number="123"/>
                  <line hits="0" number="124"/>
                  <line hits="0" number="125"/>
                  <line hits="0" number="126"/>
                  <line hits="0" number="127"/>
                  <line hits="0" number="128"/>
                  <line hits="0" number="129"/>
                  <line hits="0" number="130"/>
                  <line hits="0" number="131"/>
                  <line hits="0" number="134"/>
                  <line hits="0" number="135"/>
                  <line hits="0" number="139"/>
                  <line hits="0" number="140"/>
                  <line hits="0" number="141"/>
                  <line hits="0" number="145"/>
                  <line hits="0" number="146"/>
                  <line hits="0" number="148"/>
                  <line hits="0" number="149"/>
                  <line hits="0" number="152"/>
                  <line hits="0" number="154"/>
                  <line hits="0" number="156"/>
                  <line hits="0" number="158"/>
                  <line hits="0" number="159"/>
                  <line hits="0" number="160"/>
                  <line hits="0" number="162"/>
                  <line hits="0" number="164"/>
                  <line hits="0" number="165"/>
                  <line hits="0" number="166"/>
                  <line hits="0" number="170"/>
                  <line hits="0" number="171"/>
                  <line hits="0" number="172"/>
                  <line hits="0" number="173"/>
                  <line hits="0" number="174"/>
                  <line hits="0" number="177"/>
                  <line hits="0" number="178"/>
                  <line hits="0" number="180"/>
                  <line hits="0" number="183"/>
                  <line hits="0" number="185"/>
                  <line hits="0" number="187"/>
                  <line hits="0" number="188"/>
                  <line hits="0" number="189"/>
                  <line hits="0" number="191"/>
                  <line hits="0" number="193"/>
                  <line hits="0" number="196"/>
                  <line hits="0" number="197"/>
                  <line hits="0" number="198"/>
                  <line hits="0" number="201"/>
               </lines>
            </class>
            <class branch-rate="NaN" complexity="NaN" filename="read_write_entire_textfile.m" line-rate="0" name="read_write_entire_textfile">
               <methods/>
               <lines>
                  <line hits="0" number="20"/>
                  <line hits="0" number="21"/>
                  <line hits="0" number="22"/>
                  <line hits="0" number="23"/>
                  <line hits="0" number="24"/>
                  <line hits="0" number="26"/>
                  <line hits="0" number="27"/>
                  <line hits="0" number="28"/>
                  <line hits="0" number="29"/>
                  <line hits="0" number="30"/>
                  <line hits="0" number="32"/>
                  <line hits="0" number="33"/>
                  <line hits="0" number="34"/>
                  <line hits="0" number="36"/>
               </lines>
            </class>
            <class branch-rate="NaN" complexity="NaN" filename="user_string.m" line-rate="0" name="user_string">
               <methods/>
               <lines>
                  <line hits="0" number="33"/>
                  <line hits="0" number="34"/>
                  <line hits="0" number="37"/>
                  <line hits="0" number="38"/>
                  <line hits="0" number="40"/>
                  <line hits="0" number="41"/>
                  <line hits="0" number="44"/>
                  <line hits="0" number="45"/>
                  <line hits="0" number="47"/>
                  <line hits="0" number="48"/>
                  <line hits="0" number="49"/>
                  <line hits="0" number="50"/>
                  <line hits="0" number="52"/>
                  <line hits="0" number="53"/>
                  <line hits="0" number="54"/>
                  <line hits="0" number="57"/>
                  <line hits="0" number="58"/>
                  <line hits="0" number="59"/>
                  <line hits="0" number="63"/>
                  <line hits="0" number="64"/>
                  <line hits="0" number="65"/>
                  <line hits="0" number="66"/>
                  <line hits="0" number="68"/>
                  <line hits="0" number="69"/>
                  <line hits="0" number="70"/>
                  <line hits="0" number="71"/>
                  <line hits="0" number="72"/>
                  <line hits="0" number="73"/>
                  <line hits="0" number="75"/>
                  <line hits="0" number="76"/>
                  <line hits="0" number="77"/>
                  <line hits="0" number="79"/>
                  <line hits="0" number="80"/>
                  <line hits="0" number="81"/>
                  <line hits="0" number="82"/>
                  <line hits="0" number="84"/>
                  <line hits="0" number="85"/>
               </lines>
            </class>
            <class branch-rate="NaN" complexity="NaN" filename="using_hg2.m" line-rate="0" name="using_hg2">
               <methods/>
               <lines>
                  <line hits="0" number="13"/>
                  <line hits="0" number="14"/>
                  <line hits="0" number="15"/>
                  <line hits="0" number="16"/>
               </lines>
            </class>
         </classes>
      </package>
   </packages>
</coverage>