<?xml version="1.0" encoding="utf-8"?>
<coverage branch-rate="NaN" branches-covered="NaN" branches-valid="NaN" complexity="NaN" line-rate="0.18678" lines-covered="113" lines-valid="605" timestamp="1659427802.085" version="">
   <sources>
      <source>C:\Users\mvdm\Documents\GitHub\vandermeerlab\code-matlab\shared\io\</source>
   </sources>
   <packages>
      <package branch-rate="NaN" complexity="NaN" line-rate="0.18678" name="">
         <classes>
            <class branch-rate="NaN" complexity="NaN" filename="CheckConfig.m" line-rate="0" name="CheckConfig">
               <methods/>
               <lines>
                  <line hits="0" number="35"/>
                  <line hits="0" number="36"/>
                  <line hits="0" number="39"/>
                  <line hits="0" number="41"/>
                  <line hits="0" number="42"/>
                  <line hits="0" number="43"/>
                  <line hits="0" number="45"/>
                  <line hits="0" number="46"/>
                  <line hits="0" number="47"/>
                  <line hits="0" number="48"/>
                  <line hits="0" number="50"/>
               </lines>
            </class>
            <class branch-rate="NaN" complexity="NaN" filename="FindFile.m" line-rate="0" name="FindFile">
               <methods/>
               <lines>
                  <line hits="0" number="29"/>
                  <line hits="0" number="30"/>
                  <line hits="0" number="31"/>
                  <line hits="0" number="32"/>
                  <line hits="0" number="34"/>
                  <line hits="0" number="35"/>
                  <line hits="0" number="36"/>
                  <line hits="0" number="37"/>
                  <line hits="0" number="38"/>
                  <line hits="0" number="39"/>
               </lines>
            </class>
            <class branch-rate="NaN" complexity="NaN" filename="FindFiles.m" line-rate="0.75" name="FindFiles">
               <methods/>
               <lines>
                  <line hits="5" number="29"/>
                  <line hits="5" number="30"/>
                  <line hits="5" number="31"/>
                  <line hits="5" number="32"/>
                  <line hits="5" number="35"/>
                  <line hits="5" number="36"/>
                  <line hits="5" number="37"/>
                  <line hits="222" number="38"/>
                  <line hits="5" number="41"/>
                  <line hits="5" number="42"/>
                  <line hits="5" number="43"/>
                  <line hits="665" number="44"/>
                  <line hits="665" number="45"/>
                  <line hits="665" number="46"/>
                  <line hits="0" number="47"/>
                  <line hits="0" number="48"/>
                  <line hits="0" number="50"/>
                  <line hits="0" number="51"/>
                  <line hits="0" number="52"/>
                  <line hits="5" number="57"/>
               </lines>
            </class>
            <class branch-rate="NaN" complexity="NaN" filename="LoadCSC.m" line-rate="0" name="LoadCSC">
               <methods/>
               <lines>
                  <line hits="0" number="22"/>
                  <line hits="0" number="23"/>
                  <line hits="0" number="24"/>
                  <line hits="0" number="25"/>
                  <line hits="0" number="26"/>
                  <line hits="0" number="28"/>
                  <line hits="0" number="29"/>
                  <line hits="0" number="31"/>
                  <line hits="0" number="33"/>
                  <line hits="0" number="35"/>
                  <line hits="0" number="37"/>
                  <line hits="0" number="38"/>
                  <line hits="0" number="43"/>
                  <line hits="0" number="44"/>
                  <line hits="0" number="47"/>
                  <line hits="0" number="48"/>
                  <line hits="0" number="51"/>
                  <line hits="0" number="52"/>
                  <line hits="0" number="54"/>
                  <line hits="0" number="56"/>
                  <line hits="0" number="57"/>
                  <line hits="0" number="58"/>
                  <line hits="0" number="59"/>
                  <line hits="0" number="60"/>
                  <line hits="0" number="61"/>
                  <line hits="0" number="62"/>
                  <line hits="0" number="63"/>
                  <line hits="0" number="64"/>
                  <line hits="0" number="65"/>
                  <line hits="0" number="68"/>
                  <line hits="0" number="70"/>
                  <line hits="0" number="72"/>
                  <line hits="0" number="75"/>
                  <line hits="0" number="78"/>
                  <line hits="0" number="79"/>
                  <line hits="0" number="85"/>
                  <line hits="0" number="86"/>
                  <line hits="0" number="87"/>
                  <line hits="0" number="91"/>
                  <line hits="0" number="106"/>
                  <line hits="0" number="107"/>
                  <line hits="0" number="108"/>
                  <line hits="0" number="112"/>
                  <line hits="0" number="113"/>
                  <line hits="0" number="118"/>
                  <line hits="0" number="119"/>
                  <line hits="0" number="121"/>
                  <line hits="0" number="123"/>
                  <line hits="0" number="124"/>
                  <line hits="0" number="125"/>
                  <line hits="0" number="127"/>
                  <line hits="0" number="128"/>
                  <line hits="0" number="130"/>
                  <line hits="0" number="131"/>
                  <line hits="0" number="133"/>
                  <line hits="0" number="134"/>
                  <line hits="0" number="136"/>
                  <line hits="0" number="140"/>
                  <line hits="0" number="142"/>
                  <line hits="0" number="146"/>
                  <line hits="0" number="147"/>
                  <line hits="0" number="150"/>
                  <line hits="0" number="151"/>
                  <line hits="0" number="154"/>
                  <line hits="0" number="155"/>
                  <line hits="0" number="156"/>
                  <line hits="0" number="160"/>
                  <line hits="0" number="162"/>
                  <line hits="0" number="163"/>
                  <line hits="0" number="164"/>
                  <line hits="0" number="165"/>
                  <line hits="0" number="170"/>
                  <line hits="0" number="171"/>
                  <line hits="0" number="173"/>
                  <line hits="0" number="174"/>
                  <line hits="0" number="176"/>
                  <line hits="0" number="181"/>
                  <line hits="0" number="182"/>
                  <line hits="0" number="185"/>
                  <line hits="0" number="186"/>
                  <line hits="0" number="191"/>
                  <line hits="0" number="192"/>
                  <line hits="0" number="193"/>
                  <line hits="0" number="194"/>
                  <line hits="0" number="198"/>
                  <line hits="0" number="201"/>
                  <line hits="0" number="202"/>
                  <line hits="0" number="208"/>
                  <line hits="0" number="209"/>
                  <line hits="0" number="211"/>
                  <line hits="0" number="213"/>
                  <line hits="0" number="214"/>
                  <line hits="0" number="218"/>
                  <line hits="0" number="219"/>
                  <line hits="0" number="220"/>
                  <line hits="0" number="226"/>
                  <line hits="0" number="229"/>
                  <line hits="0" number="230"/>
                  <line hits="0" number="233"/>
                  <line hits="0" number="236"/>
                  <line hits="0" number="237"/>
               </lines>
            </class>
            <class branch-rate="NaN" complexity="NaN" filename="LoadCSC_Axona.m" line-rate="0" name="LoadCSC_Axona">
               <methods/>
               <lines>
                  <line hits="0" number="19"/>
                  <line hits="0" number="20"/>
                  <line hits="0" number="22"/>
                  <line hits="0" number="23"/>
                  <line hits="0" number="25"/>
                  <line hits="0" number="27"/>
                  <line hits="0" number="29"/>
                  <line hits="0" number="31"/>
                  <line hits="0" number="32"/>
                  <line hits="0" number="37"/>
                  <line hits="0" number="38"/>
                  <line hits="0" number="41"/>
                  <line hits="0" number="42"/>
                  <line hits="0" number="45"/>
                  <line hits="0" number="46"/>
                  <line hits="0" number="48"/>
                  <line hits="0" number="50"/>
                  <line hits="0" number="52"/>
                  <line hits="0" number="54"/>
                  <line hits="0" number="57"/>
                  <line hits="0" number="60"/>
                  <line hits="0" number="63"/>
                  <line hits="0" number="64"/>
                  <line hits="0" number="68"/>
                  <line hits="0" number="71"/>
                  <line hits="0" number="72"/>
                  <line hits="0" number="74"/>
                  <line hits="0" number="75"/>
                  <line hits="0" number="80"/>
                  <line hits="0" number="83"/>
                  <line hits="0" number="84"/>
                  <line hits="0" number="85"/>
                  <line hits="0" number="109"/>
                  <line hits="0" number="111"/>
                  <line hits="0" number="112"/>
                  <line hits="0" number="115"/>
                  <line hits="0" number="116"/>
                  <line hits="0" number="118"/>
                  <line hits="0" number="119"/>
                  <line hits="0" number="120"/>
                  <line hits="0" number="122"/>
                  <line hits="0" number="123"/>
                  <line hits="0" number="124"/>
                  <line hits="0" number="125"/>
                  <line hits="0" number="126"/>
                  <line hits="0" number="127"/>
                  <line hits="0" number="128"/>
                  <line hits="0" number="129"/>
                  <line hits="0" number="130"/>
                  <line hits="0" number="131"/>
                  <line hits="0" number="132"/>
                  <line hits="0" number="133"/>
                  <line hits="0" number="134"/>
               </lines>
            </class>
            <class branch-rate="NaN" complexity="NaN" filename="LoadEvents.m" line-rate="0" name="LoadEvents">
               <methods/>
               <lines>
                  <line hits="0" number="19"/>
                  <line hits="0" number="20"/>
                  <line hits="0" number="22"/>
                  <line hits="0" number="25"/>
                  <line hits="0" number="26"/>
                  <line hits="0" number="27"/>
                  <line hits="0" number="30"/>
                  <line hits="0" number="33"/>
                  <line hits="0" number="35"/>
                  <line hits="0" number="37"/>
                  <line hits="0" number="39"/>
                  <line hits="0" number="40"/>
                  <line hits="0" number="45"/>
                  <line hits="0" number="47"/>
                  <line hits="0" number="52"/>
                  <line hits="0" number="54"/>
                  <line hits="0" number="56"/>
                  <line hits="0" number="59"/>
                  <line hits="0" number="60"/>
                  <line hits="0" number="63"/>
                  <line hits="0" number="65"/>
                  <line hits="0" number="67"/>
                  <line hits="0" number="68"/>
                  <line hits="0" number="70"/>
                  <line hits="0" number="72"/>
                  <line hits="0" number="79"/>
                  <line hits="0" number="80"/>
                  <line hits="0" number="81"/>
                  <line hits="0" number="82"/>
                  <line hits="0" number="86"/>
                  <line hits="0" number="88"/>
                  <line hits="0" number="91"/>
                  <line hits="0" number="92"/>
               </lines>
            </class>
            <class branch-rate="NaN" complexity="NaN" filename="LoadExpKeys.m" line-rate="0" name="LoadExpKeys">
               <methods/>
               <lines>
                  <line hits="0" number="1"/>
               </lines>
            </class>
            <class branch-rate="NaN" complexity="NaN" filename="LoadMetadata.m" line-rate="0" name="LoadMetadata">
               <methods/>
               <lines>
                  <line hits="0" number="14"/>
                  <line hits="0" number="15"/>
                  <line hits="0" number="16"/>
                  <line hits="0" number="17"/>
                  <line hits="0" number="18"/>
                  <line hits="0" number="19"/>
                  <line hits="0" number="20"/>
                  <line hits="0" number="21"/>
                  <line hits="0" number="22"/>
               </lines>
            </class>
            <class branch-rate="NaN" complexity="NaN" filename="LoadPos.m" line-rate="0" name="LoadPos">
               <methods/>
               <lines>
                  <line hits="0" number="25"/>
                  <line hits="0" number="26"/>
                  <line hits="0" number="27"/>
                  <line hits="0" number="28"/>
                  <line hits="0" number="29"/>
                  <line hits="0" number="30"/>
                  <line hits="0" number="32"/>
                  <line hits="0" number="33"/>
                  <line hits="0" number="35"/>
                  <line hits="0" number="37"/>
                  <line hits="0" number="42"/>
                  <line hits="0" number="44"/>
                  <line hits="0" number="45"/>
                  <line hits="0" number="46"/>
                  <line hits="0" number="47"/>
                  <line hits="0" number="48"/>
                  <line hits="0" number="51"/>
                  <line hits="0" number="52"/>
                  <line hits="0" number="54"/>
                  <line hits="0" number="55"/>
                  <line hits="0" number="56"/>
                  <line hits="0" number="57"/>
                  <line hits="0" number="60"/>
                  <line hits="0" number="64"/>
                  <line hits="0" number="66"/>
                  <line hits="0" number="68"/>
                  <line hits="0" number="69"/>
                  <line hits="0" number="71"/>
                  <line hits="0" number="72"/>
                  <line hits="0" number="74"/>
                  <line hits="0" number="75"/>
                  <line hits="0" number="76"/>
                  <line hits="0" number="80"/>
                  <line hits="0" number="81"/>
                  <line hits="0" number="82"/>
                  <line hits="0" number="86"/>
                  <line hits="0" number="87"/>
                  <line hits="0" number="88"/>
                  <line hits="0" number="89"/>
                  <line hits="0" number="93"/>
                  <line hits="0" number="96"/>
                  <line hits="0" number="97"/>
               </lines>
            </class>
            <class branch-rate="NaN" complexity="NaN" filename="LoadSpikes.m" line-rate="0.4717" name="LoadSpikes">
               <methods/>
               <lines>
                  <line hits="2" number="40"/>
                  <line hits="2" number="41"/>
                  <line hits="2" number="42"/>
                  <line hits="2" number="43"/>
                  <line hits="2" number="44"/>
                  <line hits="2" number="45"/>
                  <line hits="2" number="46"/>
                  <line hits="2" number="47"/>
                  <line hits="2" number="49"/>
                  <line hits="2" number="50"/>
                  <line hits="2" number="52"/>
                  <line hits="0" number="54"/>
                  <line hits="0" number="55"/>
                  <line hits="0" number="56"/>
                  <line hits="0" number="57"/>
                  <line hits="0" number="58"/>
                  <line hits="0" number="62"/>
                  <line hits="0" number="66"/>
                  <line hits="0" number="67"/>
                  <line hits="0" number="68"/>
                  <line hits="0" number="69"/>
                  <line hits="0" number="70"/>
                  <line hits="2" number="74"/>
                  <line hits="2" number="76"/>
                  <line hits="2" number="78"/>
                  <line hits="1" number="79"/>
                  <line hits="1" number="80"/>
                  <line hits="0" number="83"/>
                  <line hits="0" number="85"/>
                  <line hits="0" number="86"/>
                  <line hits="2" number="91"/>
                  <line hits="2" number="92"/>
                  <line hits="2" number="94"/>
                  <line hits="2" number="99"/>
                  <line hits="2" number="101"/>
                  <line hits="220" number="102"/>
                  <line hits="220" number="104"/>
                  <line hits="220" number="106"/>
                  <line hits="220" number="107"/>
                  <line hits="0" number="108"/>
                  <line hits="220" number="111"/>
                  <line hits="220" number="112"/>
                  <line hits="220" number="113"/>
                  <line hits="220" number="114"/>
                  <line hits="0" number="115"/>
                  <line hits="0" number="116"/>
                  <line hits="220" number="120"/>
                  <line hits="220" number="121"/>
                  <line hits="220" number="122"/>
                  <line hits="0" number="123"/>
                  <line hits="0" number="124"/>
                  <line hits="0" number="125"/>
                  <line hits="0" number="126"/>
                  <line hits="0" number="127"/>
                  <line hits="0" number="128"/>
                  <line hits="220" number="132"/>
                  <line hits="220" number="133"/>
                  <line hits="220" number="135"/>
                  <line hits="2" number="143"/>
                  <line hits="0" number="144"/>
                  <line hits="2" number="147"/>
                  <line hits="0" number="149"/>
                  <line hits="0" number="151"/>
                  <line hits="0" number="153"/>
                  <line hits="0" number="156"/>
                  <line hits="0" number="159"/>
                  <line hits="0" number="161"/>
                  <line hits="0" number="162"/>
                  <line hits="0" number="163"/>
                  <line hits="0" number="164"/>
                  <line hits="0" number="165"/>
                  <line hits="0" number="166"/>
                  <line hits="0" number="170"/>
                  <line hits="0" number="172"/>
                  <line hits="0" number="173"/>
                  <line hits="0" number="174"/>
                  <line hits="0" number="175"/>
                  <line hits="0" number="176"/>
                  <line hits="0" number="177"/>
                  <line hits="0" number="180"/>
                  <line hits="0" number="181"/>
                  <line hits="0" number="182"/>
                  <line hits="0" number="183"/>
                  <line hits="0" number="184"/>
                  <line hits="0" number="189"/>
                  <line hits="0" number="193"/>
                  <line hits="0" number="195"/>
                  <line hits="0" number="196"/>
                  <line hits="0" number="197"/>
                  <line hits="0" number="199"/>
                  <line hits="2" number="203"/>
                  <line hits="2" number="204"/>
                  <line hits="2" number="205"/>
                  <line hits="2" number="206"/>
                  <line hits="0" number="207"/>
                  <line hits="0" number="208"/>
                  <line hits="2" number="210"/>
                  <line hits="2" number="214"/>
                  <line hits="2" number="215"/>
                  <line hits="220" number="217"/>
                  <line hits="220" number="219"/>
                  <line hits="0" number="220"/>
                  <line hits="220" number="221"/>
                  <line hits="220" number="222"/>
                  <line hits="2" number="228"/>
                  <line hits="2" number="231"/>
               </lines>
            </class>
            <class branch-rate="NaN" complexity="NaN" filename="MakeTTFiles.m" line-rate="0" name="MakeTTFiles">
               <methods/>
               <lines>
                  <line hits="0" number="48"/>
                  <line hits="0" number="49"/>
                  <line hits="0" number="51"/>
                  <line hits="0" number="52"/>
                  <line hits="0" number="55"/>
                  <line hits="0" number="56"/>
                  <line hits="0" number="60"/>
                  <line hits="0" number="61"/>
                  <line hits="0" number="62"/>
                  <line hits="0" number="63"/>
                  <line hits="0" number="64"/>
                  <line hits="0" number="68"/>
                  <line hits="0" number="71"/>
                  <line hits="0" number="73"/>
                  <line hits="0" number="78"/>
                  <line hits="0" number="81"/>
                  <line hits="0" number="84"/>
                  <line hits="0" number="87"/>
                  <line hits="0" number="90"/>
                  <line hits="0" number="93"/>
                  <line hits="0" number="96"/>
                  <line hits="0" number="103"/>
                  <line hits="0" number="104"/>
                  <line hits="0" number="105"/>
                  <line hits="0" number="106"/>
                  <line hits="0" number="107"/>
                  <line hits="0" number="108"/>
                  <line hits="0" number="110"/>
                  <line hits="0" number="111"/>
                  <line hits="0" number="113"/>
                  <line hits="0" number="114"/>
                  <line hits="0" number="115"/>
               </lines>
            </class>
            <class branch-rate="NaN" complexity="NaN" filename="MergeNlxFiles.m" line-rate="0" name="MergeNlxFiles">
               <methods/>
               <lines>
                  <line hits="0" number="2"/>
                  <line hits="0" number="3"/>
                  <line hits="0" number="5"/>
                  <line hits="0" number="6"/>
                  <line hits="0" number="9"/>
                  <line hits="0" number="11"/>
                  <line hits="0" number="12"/>
                  <line hits="0" number="13"/>
                  <line hits="0" number="18"/>
                  <line hits="0" number="20"/>
                  <line hits="0" number="21"/>
                  <line hits="0" number="23"/>
                  <line hits="0" number="24"/>
                  <line hits="0" number="27"/>
                  <line hits="0" number="29"/>
                  <line hits="0" number="30"/>
                  <line hits="0" number="31"/>
                  <line hits="0" number="35"/>
                  <line hits="0" number="36"/>
                  <line hits="0" number="38"/>
                  <line hits="0" number="39"/>
                  <line hits="0" number="42"/>
                  <line hits="0" number="43"/>
                  <line hits="0" number="44"/>
                  <line hits="0" number="45"/>
                  <line hits="0" number="46"/>
                  <line hits="0" number="49"/>
                  <line hits="0" number="51"/>
                  <line hits="0" number="52"/>
               </lines>
            </class>
            <class branch-rate="NaN" complexity="NaN" filename="ProcessConfig.m" line-rate="0.77778" name="ProcessConfig">
               <methods/>
               <lines>
                  <line hits="5" number="90"/>
                  <line hits="5" number="99"/>
                  <line hits="1" number="102"/>
                  <line hits="1" number="103"/>
                  <line hits="1" number="104"/>
                  <line hits="1" number="106"/>
                  <line hits="8" number="107"/>
                  <line hits="8" number="108"/>
                  <line hits="1" number="109"/>
                  <line hits="1" number="115"/>
                  <line hits="1" number="116"/>
                  <line hits="1" number="118"/>
                  <line hits="1" number="119"/>
                  <line hits="1" number="120"/>
                  <line hits="0" number="121"/>
                  <line hits="1" number="127"/>
                  <line hits="1" number="128"/>
                  <line hits="0" number="129"/>
                  <line hits="1" number="132"/>
                  <line hits="1" number="134"/>
                  <line hits="1" number="135"/>
                  <line hits="1" number="136"/>
                  <line hits="1" number="138"/>
                  <line hits="0" number="140"/>
                  <line hits="0" number="142"/>
                  <line hits="0" number="143"/>
                  <line hits="0" number="145"/>
               </lines>
            </class>
            <class branch-rate="NaN" complexity="NaN" filename="ProcessConfig2.m" line-rate="0.13333" name="ProcessConfig2">
               <methods/>
               <lines>
                  <line hits="1" number="18"/>
                  <line hits="1" number="25"/>
                  <line hits="0" number="28"/>
                  <line hits="0" number="29"/>
                  <line hits="0" number="30"/>
                  <line hits="0" number="32"/>
                  <line hits="0" number="33"/>
                  <line hits="0" number="34"/>
                  <line hits="0" number="35"/>
                  <line hits="0" number="41"/>
                  <line hits="0" number="42"/>
                  <line hits="0" number="44"/>
                  <line hits="0" number="45"/>
                  <line hits="0" number="46"/>
                  <line hits="0" number="47"/>
               </lines>
            </class>
            <class branch-rate="NaN" complexity="NaN" filename="ReadHeader.m" line-rate="0.84615" name="ReadHeader">
               <methods/>
               <lines>
                  <line hits="220" number="35"/>
                  <line hits="220" number="36"/>
                  <line hits="220" number="38"/>
                  <line hits="220" number="40"/>
                  <line hits="220" number="51"/>
                  <line hits="220" number="53"/>
                  <line hits="220" number="55"/>
                  <line hits="220" number="57"/>
                  <line hits="1760" number="58"/>
                  <line hits="1760" number="59"/>
                  <line hits="1760" number="61"/>
                  <line hits="0" number="65"/>
                  <line hits="0" number="67"/>
               </lines>
            </class>
            <class branch-rate="NaN" complexity="NaN" filename="ReadNanoZ.m" line-rate="0" name="ReadNanoZ">
               <methods/>
               <lines>
                  <line hits="0" number="23"/>
                  <line hits="0" number="24"/>
                  <line hits="0" number="26"/>
                  <line hits="0" number="27"/>
                  <line hits="0" number="28"/>
                  <line hits="0" number="30"/>
                  <line hits="0" number="32"/>
                  <line hits="0" number="34"/>
                  <line hits="0" number="35"/>
                  <line hits="0" number="38"/>
                  <line hits="0" number="39"/>
                  <line hits="0" number="41"/>
                  <line hits="0" number="42"/>
                  <line hits="0" number="45"/>
                  <line hits="0" number="47"/>
                  <line hits="0" number="48"/>
                  <line hits="0" number="51"/>
                  <line hits="0" number="52"/>
                  <line hits="0" number="56"/>
               </lines>
            </class>
            <class branch-rate="NaN" complexity="NaN" filename="WriteFig.m" line-rate="0" name="WriteFig">
               <methods/>
               <lines>
                  <line hits="0" number="6"/>
                  <line hits="0" number="7"/>
                  <line hits="0" number="9"/>
                  <line hits="0" number="10"/>
                  <line hits="0" number="11"/>
                  <line hits="0" number="12"/>
                  <line hits="0" number="13"/>
                  <line hits="0" number="14"/>
                  <line hits="0" number="15"/>
                  <line hits="0" number="16"/>
                  <line hits="0" number="17"/>
                  <line hits="0" number="18"/>
                  <line hits="0" number="19"/>
                  <line hits="0" number="20"/>
                  <line hits="0" number="24"/>
                  <line hits="0" number="25"/>
                  <line hits="0" number="26"/>
                  <line hits="0" number="28"/>
                  <line hits="0" number="29"/>
               </lines>
            </class>
            <class branch-rate="NaN" complexity="NaN" filename="getDataPath.m" line-rate="0" name="getDataPath">
               <methods/>
               <lines>
                  <line hits="0" number="27"/>
                  <line hits="0" number="28"/>
                  <line hits="0" number="30"/>
                  <line hits="0" number="31"/>
                  <line hits="0" number="33"/>
                  <line hits="0" number="34"/>
                  <line hits="0" number="35"/>
                  <line hits="0" number="36"/>
                  <line hits="0" number="37"/>
                  <line hits="0" number="38"/>
                  <line hits="0" number="42"/>
                  <line hits="0" number="44"/>
                  <line hits="0" number="45"/>
                  <line hits="0" number="46"/>
                  <line hits="0" number="47"/>
                  <line hits="0" number="48"/>
                  <line hits="0" number="49"/>
                  <line hits="0" number="50"/>
                  <line hits="0" number="51"/>
                  <line hits="0" number="52"/>
                  <line hits="0" number="53"/>
                  <line hits="0" number="54"/>
                  <line hits="0" number="55"/>
                  <line hits="0" number="58"/>
                  <line hits="0" number="60"/>
                  <line hits="0" number="62"/>
                  <line hits="0" number="63"/>
                  <line hits="0" number="65"/>
                  <line hits="0" number="66"/>
                  <line hits="0" number="68"/>
                  <line hits="0" number="69"/>
                  <line hits="0" number="70"/>
                  <line hits="0" number="72"/>
                  <line hits="0" number="74"/>
                  <line hits="0" number="77"/>
                  <line hits="0" number="79"/>
                  <line hits="0" number="83"/>
                  <line hits="0" number="84"/>
                  <line hits="0" number="87"/>
               </lines>
            </class>
            <class branch-rate="NaN" complexity="NaN" filename="popdir.m" line-rate="0.47368" name="popdir">
               <methods/>
               <lines>
                  <line hits="5" number="17"/>
                  <line hits="5" number="19"/>
                  <line hits="5" number="20"/>
                  <line hits="0" number="21"/>
                  <line hits="0" number="22"/>
                  <line hits="0" number="23"/>
                  <line hits="0" number="24"/>
                  <line hits="0" number="25"/>
                  <line hits="0" number="27"/>
                  <line hits="0" number="28"/>
                  <line hits="5" number="30"/>
                  <line hits="5" number="31"/>
                  <line hits="0" number="32"/>
                  <line hits="5" number="33"/>
                  <line hits="5" number="34"/>
                  <line hits="5" number="35"/>
                  <line hits="5" number="36"/>
                  <line hits="0" number="38"/>
                  <line hits="0" number="39"/>
               </lines>
            </class>
            <class branch-rate="NaN" complexity="NaN" filename="pushdir.m" line-rate="0.71429" name="pushdir">
               <methods/>
               <lines>
                  <line hits="5" number="17"/>
                  <line hits="5" number="19"/>
                  <line hits="5" number="20"/>
                  <line hits="0" number="21"/>
                  <line hits="0" number="22"/>
                  <line hits="5" number="25"/>
                  <line hits="5" number="26"/>
               </lines>
            </class>
         </classes>
      </package>
   </packages>
</coverage>