<?xml version="1.0" encoding="utf-8"?>
<coverage branch-rate="NaN" branches-covered="NaN" branches-valid="NaN" complexity="NaN" line-rate="0" lines-covered="0" lines-valid="164" timestamp="1659427804.014" version="">
   <sources>
      <source>C:\Users\mvdm\Documents\GitHub\vandermeerlab\code-matlab\shared\io\open_ephys\</source>
   </sources>
   <packages>
      <package branch-rate="NaN" complexity="NaN" line-rate="0" name="">
         <classes>
            <class branch-rate="NaN" complexity="NaN" filename="Ephys_acute_preprocess.m" line-rate="0" name="Ephys_acute_preprocess">
               <methods/>
               <lines>
                  <line hits="0" number="6"/>
                  <line hits="0" number="7"/>
                  <line hits="0" number="8"/>
                  <line hits="0" number="17"/>
                  <line hits="0" number="18"/>
                  <line hits="0" number="22"/>
                  <line hits="0" number="26"/>
                  <line hits="0" number="30"/>
                  <line hits="0" number="33"/>
                  <line hits="0" number="34"/>
                  <line hits="0" number="35"/>
                  <line hits="0" number="36"/>
                  <line hits="0" number="38"/>
                  <line hits="0" number="40"/>
                  <line hits="0" number="41"/>
                  <line hits="0" number="42"/>
                  <line hits="0" number="43"/>
                  <line hits="0" number="45"/>
               </lines>
            </class>
            <class branch-rate="NaN" complexity="NaN" filename="Ephys_comparison.m" line-rate="0" name="Ephys_comparison">
               <methods/>
               <lines>
                  <line hits="0" number="14"/>
                  <line hits="0" number="15"/>
                  <line hits="0" number="17"/>
                  <line hits="0" number="18"/>
                  <line hits="0" number="20"/>
                  <line hits="0" number="21"/>
                  <line hits="0" number="22"/>
                  <line hits="0" number="23"/>
                  <line hits="0" number="24"/>
                  <line hits="0" number="29"/>
                  <line hits="0" number="30"/>
                  <line hits="0" number="32"/>
                  <line hits="0" number="33"/>
                  <line hits="0" number="34"/>
                  <line hits="0" number="35"/>
                  <line hits="0" number="36"/>
                  <line hits="0" number="40"/>
                  <line hits="0" number="42"/>
                  <line hits="0" number="45"/>
                  <line hits="0" number="46"/>
                  <line hits="0" number="47"/>
                  <line hits="0" number="49"/>
               </lines>
            </class>
            <class branch-rate="NaN" complexity="NaN" filename="Ephys_event_check.m" line-rate="0" name="Ephys_event_check">
               <methods/>
               <lines>
                  <line hits="0" number="5"/>
                  <line hits="0" number="6"/>
                  <line hits="0" number="7"/>
                  <line hits="0" number="8"/>
                  <line hits="0" number="10"/>
                  <line hits="0" number="12"/>
                  <line hits="0" number="15"/>
                  <line hits="0" number="16"/>
                  <line hits="0" number="17"/>
                  <line hits="0" number="19"/>
                  <line hits="0" number="21"/>
                  <line hits="0" number="22"/>
                  <line hits="0" number="23"/>
                  <line hits="0" number="24"/>
                  <line hits="0" number="28"/>
                  <line hits="0" number="29"/>
                  <line hits="0" number="30"/>
               </lines>
            </class>
            <class branch-rate="NaN" complexity="NaN" filename="sweeplot.m" line-rate="0" name="sweeplot">
               <methods/>
               <lines>
                  <line hits="0" number="14"/>
                  <line hits="0" number="15"/>
                  <line hits="0" number="16"/>
                  <line hits="0" number="17"/>
                  <line hits="0" number="18"/>
                  <line hits="0" number="21"/>
                  <line hits="0" number="22"/>
                  <line hits="0" number="25"/>
                  <line hits="0" number="26"/>
                  <line hits="0" number="27"/>
                  <line hits="0" number="28"/>
                  <line hits="0" number="36"/>
                  <line hits="0" number="37"/>
                  <line hits="0" number="38"/>
                  <line hits="0" number="39"/>
                  <line hits="0" number="40"/>
                  <line hits="0" number="55"/>
                  <line hits="0" number="58"/>
                  <line hits="0" number="73"/>
                  <line hits="0" number="80"/>
                  <line hits="0" number="94"/>
                  <line hits="0" number="95"/>
                  <line hits="0" number="96"/>
                  <line hits="0" number="104"/>
                  <line hits="0" number="111"/>
                  <line hits="0" number="112"/>
                  <line hits="0" number="114"/>
                  <line hits="0" number="115"/>
                  <line hits="0" number="118"/>
                  <line hits="0" number="137"/>
                  <line hits="0" number="138"/>
                  <line hits="0" number="166"/>
                  <line hits="0" number="169"/>
                  <line hits="0" number="180"/>
                  <line hits="0" number="181"/>
                  <line hits="0" number="190"/>
                  <line hits="0" number="191"/>
                  <line hits="0" number="192"/>
                  <line hits="0" number="196"/>
                  <line hits="0" number="199"/>
                  <line hits="0" number="206"/>
                  <line hits="0" number="208"/>
                  <line hits="0" number="209"/>
                  <line hits="0" number="210"/>
                  <line hits="0" number="214"/>
                  <line hits="0" number="217"/>
                  <line hits="0" number="237"/>
                  <line hits="0" number="238"/>
                  <line hits="0" number="248"/>
                  <line hits="0" number="254"/>
                  <line hits="0" number="255"/>
                  <line hits="0" number="258"/>
                  <line hits="0" number="259"/>
                  <line hits="0" number="261"/>
                  <line hits="0" number="266"/>
                  <line hits="0" number="267"/>
                  <line hits="0" number="269"/>
                  <line hits="0" number="270"/>
                  <line hits="0" number="272"/>
                  <line hits="0" number="273"/>
                  <line hits="0" number="275"/>
                  <line hits="0" number="276"/>
                  <line hits="0" number="278"/>
                  <line hits="0" number="280"/>
                  <line hits="0" number="281"/>
                  <line hits="0" number="282"/>
                  <line hits="0" number="283"/>
                  <line hits="0" number="287"/>
                  <line hits="0" number="289"/>
                  <line hits="0" number="292"/>
                  <line hits="0" number="294"/>
                  <line hits="0" number="295"/>
                  <line hits="0" number="297"/>
                  <line hits="0" number="302"/>
                  <line hits="0" number="303"/>
                  <line hits="0" number="305"/>
                  <line hits="0" number="307"/>
                  <line hits="0" number="308"/>
                  <line hits="0" number="310"/>
                  <line hits="0" number="311"/>
                  <line hits="0" number="313"/>
                  <line hits="0" number="316"/>
                  <line hits="0" number="317"/>
                  <line hits="0" number="320"/>
                  <line hits="0" number="321"/>
                  <line hits="0" number="322"/>
                  <line hits="0" number="325"/>
                  <line hits="0" number="328"/>
                  <line hits="0" number="333"/>
                  <line hits="0" number="334"/>
                  <line hits="0" number="336"/>
                  <line hits="0" number="337"/>
                  <line hits="0" number="339"/>
                  <line hits="0" number="340"/>
                  <line hits="0" number="341"/>
                  <line hits="0" number="342"/>
                  <line hits="0" number="345"/>
                  <line hits="0" number="346"/>
                  <line hits="0" number="347"/>
                  <line hits="0" number="349"/>
                  <line hits="0" number="350"/>
                  <line hits="0" number="362"/>
                  <line hits="0" number="372"/>
                  <line hits="0" number="373"/>
                  <line hits="0" number="386"/>
                  <line hits="0" number="396"/>
                  <line hits="0" number="397"/>
               </lines>
            </class>
         </classes>
      </package>
   </packages>
</coverage>