<?xml version="1.0" encoding="utf-8"?>
<coverage branch-rate="NaN" branches-covered="NaN" branches-valid="NaN" complexity="NaN" line-rate="0.14815" lines-covered="44" lines-valid="297" timestamp="1659427801.609" version="">
   <sources>
      <source>C:\Users\mvdm\Documents\GitHub\vandermeerlab\code-matlab\shared\datatypes\tsd\</source>
   </sources>
   <packages>
      <package branch-rate="NaN" complexity="NaN" line-rate="0.14815" name="">
         <classes>
            <class branch-rate="NaN" complexity="NaN" filename="CheckTSD.m" line-rate="0.5" name="CheckTSD">
               <methods/>
               <lines>
                  <line hits="6" number="25"/>
                  <line hits="6" number="27"/>
                  <line hits="6" number="28"/>
                  <line hits="0" number="29"/>
                  <line hits="6" number="32"/>
                  <line hits="0" number="33"/>
                  <line hits="0" number="34"/>
                  <line hits="0" number="35"/>
                  <line hits="6" number="38"/>
                  <line hits="0" number="39"/>
                  <line hits="6" number="42"/>
                  <line hits="0" number="43"/>
                  <line hits="0" number="44"/>
                  <line hits="0" number="45"/>
                  <line hits="6" number="48"/>
                  <line hits="6" number="49"/>
                  <line hits="6" number="51"/>
                  <line hits="0" number="52"/>
                  <line hits="6" number="55"/>
                  <line hits="6" number="56"/>
                  <line hits="0" number="57"/>
                  <line hits="0" number="58"/>
               </lines>
            </class>
            <class branch-rate="NaN" complexity="NaN" filename="MergeTSD.m" line-rate="0" name="MergeTSD">
               <methods/>
               <lines>
                  <line hits="0" number="28"/>
                  <line hits="0" number="29"/>
                  <line hits="0" number="31"/>
                  <line hits="0" number="32"/>
                  <line hits="0" number="34"/>
                  <line hits="0" number="35"/>
                  <line hits="0" number="36"/>
                  <line hits="0" number="40"/>
                  <line hits="0" number="41"/>
                  <line hits="0" number="43"/>
                  <line hits="0" number="44"/>
                  <line hits="0" number="49"/>
                  <line hits="0" number="50"/>
                  <line hits="0" number="51"/>
                  <line hits="0" number="53"/>
                  <line hits="0" number="54"/>
                  <line hits="0" number="55"/>
                  <line hits="0" number="59"/>
                  <line hits="0" number="60"/>
                  <line hits="0" number="61"/>
                  <line hits="0" number="62"/>
                  <line hits="0" number="63"/>
                  <line hits="0" number="64"/>
                  <line hits="0" number="65"/>
                  <line hits="0" number="68"/>
                  <line hits="0" number="74"/>
                  <line hits="0" number="75"/>
                  <line hits="0" number="76"/>
                  <line hits="0" number="80"/>
                  <line hits="0" number="81"/>
                  <line hits="0" number="82"/>
                  <line hits="0" number="83"/>
                  <line hits="0" number="84"/>
                  <line hits="0" number="85"/>
                  <line hits="0" number="86"/>
                  <line hits="0" number="87"/>
                  <line hits="0" number="88"/>
                  <line hits="0" number="89"/>
                  <line hits="0" number="90"/>
                  <line hits="0" number="95"/>
                  <line hits="0" number="99"/>
               </lines>
            </class>
            <class branch-rate="NaN" complexity="NaN" filename="TSD_SelectChannel.m" line-rate="0" name="TSD_SelectChannel">
               <methods/>
               <lines>
                  <line hits="0" number="8"/>
                  <line hits="0" number="9"/>
                  <line hits="0" number="10"/>
                  <line hits="0" number="11"/>
                  <line hits="0" number="12"/>
                  <line hits="0" number="14"/>
                  <line hits="0" number="19"/>
                  <line hits="0" number="20"/>
                  <line hits="0" number="23"/>
                  <line hits="0" number="24"/>
                  <line hits="0" number="25"/>
               </lines>
            </class>
            <class branch-rate="NaN" complexity="NaN" filename="TSD_getidx.m" line-rate="0" name="TSD_getidx">
               <methods/>
               <lines>
                  <line hits="0" number="15"/>
                  <line hits="0" number="16"/>
                  <line hits="0" number="17"/>
                  <line hits="0" number="20"/>
                  <line hits="0" number="22"/>
                  <line hits="0" number="24"/>
                  <line hits="0" number="26"/>
                  <line hits="0" number="27"/>
                  <line hits="0" number="31"/>
                  <line hits="0" number="32"/>
                  <line hits="0" number="34"/>
                  <line hits="0" number="35"/>
                  <line hits="0" number="38"/>
                  <line hits="0" number="40"/>
                  <line hits="0" number="41"/>
                  <line hits="0" number="43"/>
                  <line hits="0" number="44"/>
                  <line hits="0" number="50"/>
               </lines>
            </class>
            <class branch-rate="NaN" complexity="NaN" filename="TSD_getidx2.m" line-rate="0" name="TSD_getidx2">
               <methods/>
               <lines>
                  <line hits="0" number="17"/>
                  <line hits="0" number="18"/>
                  <line hits="0" number="19"/>
                  <line hits="0" number="22"/>
                  <line hits="0" number="24"/>
                  <line hits="0" number="26"/>
                  <line hits="0" number="28"/>
                  <line hits="0" number="29"/>
                  <line hits="0" number="33"/>
                  <line hits="0" number="35"/>
                  <line hits="0" number="37"/>
                  <line hits="0" number="39"/>
                  <line hits="0" number="40"/>
                  <line hits="0" number="41"/>
                  <line hits="0" number="44"/>
                  <line hits="0" number="46"/>
                  <line hits="0" number="48"/>
                  <line hits="0" number="49"/>
                  <line hits="0" number="51"/>
                  <line hits="0" number="52"/>
                  <line hits="0" number="53"/>
                  <line hits="0" number="56"/>
                  <line hits="0" number="58"/>
                  <line hits="0" number="59"/>
                  <line hits="0" number="61"/>
                  <line hits="0" number="62"/>
                  <line hits="0" number="64"/>
                  <line hits="0" number="66"/>
                  <line hits="0" number="67"/>
                  <line hits="0" number="68"/>
                  <line hits="0" number="71"/>
                  <line hits="0" number="72"/>
                  <line hits="0" number="81"/>
               </lines>
            </class>
            <class branch-rate="NaN" complexity="NaN" filename="TSDbySpace.m" line-rate="0" name="TSDbySpace">
               <methods/>
               <lines>
                  <line hits="0" number="14"/>
                  <line hits="0" number="15"/>
                  <line hits="0" number="16"/>
                  <line hits="0" number="18"/>
                  <line hits="0" number="20"/>
                  <line hits="0" number="21"/>
                  <line hits="0" number="23"/>
                  <line hits="0" number="25"/>
                  <line hits="0" number="27"/>
                  <line hits="0" number="29"/>
                  <line hits="0" number="31"/>
                  <line hits="0" number="32"/>
                  <line hits="0" number="33"/>
                  <line hits="0" number="34"/>
               </lines>
            </class>
            <class branch-rate="NaN" complexity="NaN" filename="TSDbyZ.m" line-rate="0" name="TSDbyZ">
               <methods/>
               <lines>
                  <line hits="0" number="14"/>
                  <line hits="0" number="15"/>
                  <line hits="0" number="17"/>
                  <line hits="0" number="19"/>
                  <line hits="0" number="20"/>
                  <line hits="0" number="22"/>
                  <line hits="0" number="24"/>
                  <line hits="0" number="26"/>
                  <line hits="0" number="27"/>
                  <line hits="0" number="28"/>
                  <line hits="0" number="29"/>
               </lines>
            </class>
            <class branch-rate="NaN" complexity="NaN" filename="TSDpeth.m" line-rate="0" name="TSDpeth">
               <methods/>
               <lines>
                  <line hits="0" number="43"/>
                  <line hits="0" number="44"/>
                  <line hits="0" number="45"/>
                  <line hits="0" number="46"/>
                  <line hits="0" number="47"/>
                  <line hits="0" number="49"/>
                  <line hits="0" number="51"/>
                  <line hits="0" number="52"/>
                  <line hits="0" number="55"/>
                  <line hits="0" number="56"/>
                  <line hits="0" number="59"/>
                  <line hits="0" number="60"/>
                  <line hits="0" number="61"/>
                  <line hits="0" number="62"/>
                  <line hits="0" number="63"/>
                  <line hits="0" number="65"/>
                  <line hits="0" number="66"/>
                  <line hits="0" number="69"/>
                  <line hits="0" number="71"/>
                  <line hits="0" number="73"/>
                  <line hits="0" number="74"/>
                  <line hits="0" number="77"/>
                  <line hits="0" number="79"/>
                  <line hits="0" number="81"/>
                  <line hits="0" number="86"/>
                  <line hits="0" number="88"/>
                  <line hits="0" number="90"/>
                  <line hits="0" number="93"/>
                  <line hits="0" number="94"/>
                  <line hits="0" number="96"/>
                  <line hits="0" number="97"/>
                  <line hits="0" number="100"/>
                  <line hits="0" number="102"/>
                  <line hits="0" number="105"/>
                  <line hits="0" number="106"/>
                  <line hits="0" number="108"/>
                  <line hits="0" number="110"/>
                  <line hits="0" number="111"/>
                  <line hits="0" number="114"/>
                  <line hits="0" number="116"/>
                  <line hits="0" number="119"/>
                  <line hits="0" number="121"/>
                  <line hits="0" number="123"/>
                  <line hits="0" number="127"/>
                  <line hits="0" number="128"/>
                  <line hits="0" number="129"/>
               </lines>
            </class>
            <class branch-rate="NaN" complexity="NaN" filename="TSDtoFT.m" line-rate="0" name="TSDtoFT">
               <methods/>
               <lines>
                  <line hits="0" number="11"/>
                  <line hits="0" number="12"/>
                  <line hits="0" number="13"/>
                  <line hits="0" number="15"/>
                  <line hits="0" number="16"/>
                  <line hits="0" number="19"/>
                  <line hits="0" number="20"/>
                  <line hits="0" number="21"/>
                  <line hits="0" number="23"/>
                  <line hits="0" number="24"/>
                  <line hits="0" number="25"/>
                  <line hits="0" number="26"/>
                  <line hits="0" number="27"/>
                  <line hits="0" number="31"/>
                  <line hits="0" number="32"/>
                  <line hits="0" number="34"/>
                  <line hits="0" number="35"/>
                  <line hits="0" number="37"/>
                  <line hits="0" number="38"/>
                  <line hits="0" number="40"/>
                  <line hits="0" number="42"/>
                  <line hits="0" number="43"/>
                  <line hits="0" number="45"/>
                  <line hits="0" number="46"/>
                  <line hits="0" number="47"/>
                  <line hits="0" number="50"/>
                  <line hits="0" number="51"/>
                  <line hits="0" number="52"/>
                  <line hits="0" number="53"/>
               </lines>
            </class>
            <class branch-rate="NaN" complexity="NaN" filename="UnionTSD.m" line-rate="0.65625" name="UnionTSD">
               <methods/>
               <lines>
                  <line hits="1" number="20"/>
                  <line hits="1" number="21"/>
                  <line hits="1" number="23"/>
                  <line hits="1" number="29"/>
                  <line hits="0" number="30"/>
                  <line hits="1" number="34"/>
                  <line hits="1" number="35"/>
                  <line hits="0" number="36"/>
                  <line hits="1" number="40"/>
                  <line hits="1" number="41"/>
                  <line hits="0" number="42"/>
                  <line hits="1" number="43"/>
                  <line hits="0" number="44"/>
                  <line hits="0" number="45"/>
                  <line hits="0" number="46"/>
                  <line hits="0" number="47"/>
                  <line hits="1" number="55"/>
                  <line hits="1" number="58"/>
                  <line hits="1" number="59"/>
                  <line hits="1" number="61"/>
                  <line hits="1" number="64"/>
                  <line hits="0" number="65"/>
                  <line hits="1" number="68"/>
                  <line hits="0" number="69"/>
                  <line hits="1" number="72"/>
                  <line hits="1" number="74"/>
                  <line hits="1" number="75"/>
                  <line hits="1" number="78"/>
                  <line hits="0" number="80"/>
                  <line hits="0" number="81"/>
                  <line hits="1" number="86"/>
                  <line hits="1" number="87"/>
               </lines>
            </class>
            <class branch-rate="NaN" complexity="NaN" filename="decimate_tsd.m" line-rate="0" name="decimate_tsd">
               <methods/>
               <lines>
                  <line hits="0" number="7"/>
                  <line hits="0" number="8"/>
                  <line hits="0" number="9"/>
                  <line hits="0" number="11"/>
                  <line hits="0" number="13"/>
                  <line hits="0" number="14"/>
                  <line hits="0" number="17"/>
                  <line hits="0" number="19"/>
                  <line hits="0" number="20"/>
                  <line hits="0" number="24"/>
                  <line hits="0" number="25"/>
                  <line hits="0" number="28"/>
                  <line hits="0" number="29"/>
               </lines>
            </class>
            <class branch-rate="NaN" complexity="NaN" filename="tsd.m" line-rate="0.63158" name="tsd">
               <methods/>
               <lines>
                  <line hits="9" number="35"/>
                  <line hits="9" number="36"/>
                  <line hits="9" number="37"/>
                  <line hits="9" number="38"/>
                  <line hits="9" number="39"/>
                  <line hits="9" number="41"/>
                  <line hits="3" number="42"/>
                  <line hits="3" number="43"/>
                  <line hits="6" number="44"/>
                  <line hits="0" number="45"/>
                  <line hits="0" number="46"/>
                  <line hits="0" number="47"/>
                  <line hits="6" number="48"/>
                  <line hits="0" number="49"/>
                  <line hits="0" number="50"/>
                  <line hits="0" number="51"/>
                  <line hits="0" number="52"/>
                  <line hits="9" number="56"/>
                  <line hits="9" number="57"/>
               </lines>
            </class>
            <class branch-rate="NaN" complexity="NaN" filename="zscore_tsd.m" line-rate="0" name="zscore_tsd">
               <methods/>
               <lines>
                  <line hits="0" number="8"/>
                  <line hits="0" number="9"/>
                  <line hits="0" number="11"/>
                  <line hits="0" number="13"/>
                  <line hits="0" number="15"/>
                  <line hits="0" number="17"/>
                  <line hits="0" number="22"/>
                  <line hits="0" number="23"/>
               </lines>
            </class>
         </classes>
      </package>
   </packages>
</coverage>