<?xml version="1.0" encoding="utf-8"?>
<coverage branch-rate="NaN" branches-covered="NaN" branches-valid="NaN" complexity="NaN" line-rate="0" lines-covered="0" lines-valid="309" timestamp="1659427804.147" version="">
   <sources>
      <source>C:\Users\mvdm\Documents\GitHub\vandermeerlab\code-matlab\shared\io\open_ephys\loading\</source>
   </sources>
   <packages>
      <package branch-rate="NaN" complexity="NaN" line-rate="0" name="">
         <classes>
            <class branch-rate="NaN" complexity="NaN" filename="Ephys_load_session.m" line-rate="0" name="Ephys_load_session">
               <methods/>
               <lines>
                  <line hits="0" number="9"/>
                  <line hits="0" number="10"/>
                  <line hits="0" number="11"/>
                  <line hits="0" number="12"/>
                  <line hits="0" number="13"/>
                  <line hits="0" number="14"/>
                  <line hits="0" number="15"/>
                  <line hits="0" number="16"/>
                  <line hits="0" number="17"/>
                  <line hits="0" number="18"/>
                  <line hits="0" number="19"/>
                  <line hits="0" number="20"/>
                  <line hits="0" number="21"/>
                  <line hits="0" number="22"/>
                  <line hits="0" number="23"/>
                  <line hits="0" number="24"/>
                  <line hits="0" number="28"/>
                  <line hits="0" number="29"/>
                  <line hits="0" number="30"/>
                  <line hits="0" number="31"/>
                  <line hits="0" number="32"/>
                  <line hits="0" number="33"/>
                  <line hits="0" number="34"/>
                  <line hits="0" number="35"/>
                  <line hits="0" number="37"/>
                  <line hits="0" number="38"/>
                  <line hits="0" number="39"/>
               </lines>
            </class>
            <class branch-rate="NaN" complexity="NaN" filename="Ephys_sandbox.m" line-rate="0" name="Ephys_sandbox">
               <methods/>
               <lines>
                  <line hits="0" number="3"/>
                  <line hits="0" number="5"/>
                  <line hits="0" number="6"/>
                  <line hits="0" number="9"/>
                  <line hits="0" number="11"/>
                  <line hits="0" number="12"/>
                  <line hits="0" number="17"/>
                  <line hits="0" number="19"/>
                  <line hits="0" number="20"/>
                  <line hits="0" number="21"/>
                  <line hits="0" number="23"/>
                  <line hits="0" number="24"/>
                  <line hits="0" number="25"/>
                  <line hits="0" number="26"/>
                  <line hits="0" number="27"/>
                  <line hits="0" number="34"/>
                  <line hits="0" number="35"/>
                  <line hits="0" number="36"/>
                  <line hits="0" number="37"/>
               </lines>
            </class>
            <class branch-rate="NaN" complexity="NaN" filename="abfload.m" line-rate="0" name="abfload">
               <methods/>
               <lines>
                  <line hits="0" number="70"/>
                  <line hits="0" number="71"/>
                  <line hits="0" number="73"/>
                  <line hits="0" number="75"/>
                  <line hits="0" number="79"/>
                  <line hits="0" number="80"/>
                  <line hits="0" number="81"/>
                  <line hits="0" number="84"/>
                  <line hits="0" number="86"/>
                  <line hits="0" number="87"/>
                  <line hits="0" number="88"/>
                  <line hits="0" number="89"/>
                  <line hits="0" number="90"/>
                  <line hits="0" number="91"/>
                  <line hits="0" number="97"/>
                  <line hits="0" number="101"/>
                  <line hits="0" number="121"/>
                  <line hits="0" number="122"/>
                  <line hits="0" number="123"/>
                  <line hits="0" number="124"/>
                  <line hits="0" number="125"/>
                  <line hits="0" number="126"/>
                  <line hits="0" number="127"/>
                  <line hits="0" number="128"/>
                  <line hits="0" number="129"/>
                  <line hits="0" number="130"/>
                  <line hits="0" number="133"/>
                  <line hits="0" number="134"/>
                  <line hits="0" number="135"/>
                  <line hits="0" number="136"/>
                  <line hits="0" number="138"/>
                  <line hits="0" number="139"/>
                  <line hits="0" number="140"/>
                  <line hits="0" number="142"/>
                  <line hits="0" number="144"/>
                  <line hits="0" number="145"/>
                  <line hits="0" number="146"/>
                  <line hits="0" number="150"/>
                  <line hits="0" number="151"/>
                  <line hits="0" number="152"/>
                  <line hits="0" number="153"/>
                  <line hits="0" number="155"/>
                  <line hits="0" number="156"/>
                  <line hits="0" number="157"/>
                  <line hits="0" number="158"/>
                  <line hits="0" number="159"/>
                  <line hits="0" number="163"/>
                  <line hits="0" number="164"/>
                  <line hits="0" number="165"/>
                  <line hits="0" number="168"/>
                  <line hits="0" number="170"/>
                  <line hits="0" number="172"/>
                  <line hits="0" number="173"/>
                  <line hits="0" number="175"/>
                  <line hits="0" number="176"/>
                  <line hits="0" number="177"/>
                  <line hits="0" number="178"/>
                  <line hits="0" number="179"/>
                  <line hits="0" number="180"/>
                  <line hits="0" number="181"/>
                  <line hits="0" number="182"/>
                  <line hits="0" number="184"/>
                  <line hits="0" number="185"/>
                  <line hits="0" number="186"/>
                  <line hits="0" number="187"/>
                  <line hits="0" number="188"/>
                  <line hits="0" number="189"/>
                  <line hits="0" number="191"/>
                  <line hits="0" number="195"/>
                  <line hits="0" number="196"/>
                  <line hits="0" number="197"/>
                  <line hits="0" number="198"/>
                  <line hits="0" number="199"/>
                  <line hits="0" number="200"/>
                  <line hits="0" number="201"/>
                  <line hits="0" number="202"/>
                  <line hits="0" number="207"/>
                  <line hits="0" number="210"/>
                  <line hits="0" number="211"/>
                  <line hits="0" number="212"/>
                  <line hits="0" number="213"/>
                  <line hits="0" number="214"/>
                  <line hits="0" number="218"/>
                  <line hits="0" number="219"/>
                  <line hits="0" number="220"/>
                  <line hits="0" number="221"/>
                  <line hits="0" number="222"/>
                  <line hits="0" number="223"/>
                  <line hits="0" number="224"/>
                  <line hits="0" number="225"/>
                  <line hits="0" number="226"/>
                  <line hits="0" number="227"/>
                  <line hits="0" number="228"/>
                  <line hits="0" number="230"/>
                  <line hits="0" number="232"/>
                  <line hits="0" number="234"/>
                  <line hits="0" number="235"/>
                  <line hits="0" number="236"/>
                  <line hits="0" number="237"/>
                  <line hits="0" number="238"/>
                  <line hits="0" number="241"/>
                  <line hits="0" number="242"/>
                  <line hits="0" number="243"/>
                  <line hits="0" number="244"/>
                  <line hits="0" number="246"/>
                  <line hits="0" number="247"/>
                  <line hits="0" number="248"/>
                  <line hits="0" number="249"/>
                  <line hits="0" number="251"/>
                  <line hits="0" number="252"/>
                  <line hits="0" number="253"/>
                  <line hits="0" number="254"/>
                  <line hits="0" number="255"/>
                  <line hits="0" number="258"/>
                  <line hits="0" number="261"/>
                  <line hits="0" number="262"/>
                  <line hits="0" number="263"/>
                  <line hits="0" number="265"/>
                  <line hits="0" number="266"/>
                  <line hits="0" number="267"/>
                  <line hits="0" number="269"/>
                  <line hits="0" number="270"/>
                  <line hits="0" number="271"/>
                  <line hits="0" number="272"/>
                  <line hits="0" number="275"/>
                  <line hits="0" number="277"/>
                  <line hits="0" number="279"/>
                  <line hits="0" number="282"/>
                  <line hits="0" number="283"/>
                  <line hits="0" number="284"/>
                  <line hits="0" number="286"/>
                  <line hits="0" number="288"/>
                  <line hits="0" number="289"/>
                  <line hits="0" number="291"/>
                  <line hits="0" number="292"/>
                  <line hits="0" number="293"/>
                  <line hits="0" number="295"/>
                  <line hits="0" number="296"/>
                  <line hits="0" number="297"/>
                  <line hits="0" number="298"/>
                  <line hits="0" number="301"/>
                  <line hits="0" number="303"/>
                  <line hits="0" number="304"/>
                  <line hits="0" number="306"/>
                  <line hits="0" number="307"/>
                  <line hits="0" number="308"/>
                  <line hits="0" number="309"/>
                  <line hits="0" number="310"/>
                  <line hits="0" number="314"/>
                  <line hits="0" number="316"/>
                  <line hits="0" number="317"/>
                  <line hits="0" number="318"/>
                  <line hits="0" number="319"/>
                  <line hits="0" number="321"/>
                  <line hits="0" number="322"/>
                  <line hits="0" number="323"/>
                  <line hits="0" number="327"/>
                  <line hits="0" number="328"/>
                  <line hits="0" number="329"/>
                  <line hits="0" number="330"/>
                  <line hits="0" number="331"/>
                  <line hits="0" number="332"/>
                  <line hits="0" number="334"/>
                  <line hits="0" number="335"/>
                  <line hits="0" number="336"/>
                  <line hits="0" number="337"/>
                  <line hits="0" number="339"/>
                  <line hits="0" number="340"/>
                  <line hits="0" number="341"/>
                  <line hits="0" number="342"/>
                  <line hits="0" number="344"/>
                  <line hits="0" number="346"/>
                  <line hits="0" number="347"/>
                  <line hits="0" number="348"/>
                  <line hits="0" number="349"/>
                  <line hits="0" number="350"/>
                  <line hits="0" number="351"/>
                  <line hits="0" number="352"/>
                  <line hits="0" number="354"/>
                  <line hits="0" number="355"/>
                  <line hits="0" number="356"/>
                  <line hits="0" number="357"/>
                  <line hits="0" number="360"/>
                  <line hits="0" number="362"/>
                  <line hits="0" number="363"/>
                  <line hits="0" number="365"/>
                  <line hits="0" number="366"/>
                  <line hits="0" number="367"/>
                  <line hits="0" number="368"/>
                  <line hits="0" number="369"/>
                  <line hits="0" number="373"/>
                  <line hits="0" number="376"/>
                  <line hits="0" number="377"/>
                  <line hits="0" number="380"/>
                  <line hits="0" number="382"/>
                  <line hits="0" number="385"/>
                  <line hits="0" number="386"/>
                  <line hits="0" number="387"/>
                  <line hits="0" number="388"/>
                  <line hits="0" number="389"/>
                  <line hits="0" number="390"/>
                  <line hits="0" number="391"/>
                  <line hits="0" number="392"/>
                  <line hits="0" number="393"/>
                  <line hits="0" number="396"/>
                  <line hits="0" number="397"/>
                  <line hits="0" number="398"/>
                  <line hits="0" number="400"/>
                  <line hits="0" number="401"/>
                  <line hits="0" number="402"/>
                  <line hits="0" number="414"/>
                  <line hits="0" number="417"/>
                  <line hits="0" number="418"/>
                  <line hits="0" number="419"/>
                  <line hits="0" number="422"/>
                  <line hits="0" number="423"/>
                  <line hits="0" number="424"/>
                  <line hits="0" number="425"/>
                  <line hits="0" number="426"/>
                  <line hits="0" number="428"/>
                  <line hits="0" number="432"/>
                  <line hits="0" number="437"/>
                  <line hits="0" number="438"/>
                  <line hits="0" number="440"/>
                  <line hits="0" number="442"/>
                  <line hits="0" number="443"/>
                  <line hits="0" number="445"/>
                  <line hits="0" number="446"/>
                  <line hits="0" number="447"/>
                  <line hits="0" number="448"/>
                  <line hits="0" number="449"/>
                  <line hits="0" number="454"/>
                  <line hits="0" number="455"/>
                  <line hits="0" number="456"/>
                  <line hits="0" number="457"/>
                  <line hits="0" number="458"/>
                  <line hits="0" number="459"/>
                  <line hits="0" number="462"/>
                  <line hits="0" number="463"/>
                  <line hits="0" number="466"/>
                  <line hits="0" number="467"/>
                  <line hits="0" number="468"/>
                  <line hits="0" number="469"/>
                  <line hits="0" number="470"/>
                  <line hits="0" number="473"/>
                  <line hits="0" number="474"/>
                  <line hits="0" number="475"/>
                  <line hits="0" number="477"/>
                  <line hits="0" number="478"/>
                  <line hits="0" number="479"/>
                  <line hits="0" number="480"/>
                  <line hits="0" number="483"/>
                  <line hits="0" number="484"/>
                  <line hits="0" number="487"/>
                  <line hits="0" number="488"/>
                  <line hits="0" number="489"/>
                  <line hits="0" number="490"/>
                  <line hits="0" number="491"/>
                  <line hits="0" number="494"/>
                  <line hits="0" number="495"/>
                  <line hits="0" number="496"/>
                  <line hits="0" number="497"/>
                  <line hits="0" number="500"/>
               </lines>
            </class>
         </classes>
      </package>
   </packages>
</coverage>