<?xml version="1.0" encoding="utf-8"?>
<coverage branch-rate="NaN" branches-covered="NaN" branches-valid="NaN" complexity="NaN" line-rate="0" lines-covered="0" lines-valid="471" timestamp="1659427804.371" version="">
   <sources>
      <source>C:\Users\mvdm\Documents\GitHub\vandermeerlab\code-matlab\shared\io\open_ephys\loading\analysis-tools-master\</source>
   </sources>
   <packages>
      <package branch-rate="NaN" complexity="NaN" line-rate="0" name="">
         <classes>
            <class branch-rate="NaN" complexity="NaN" filename="LoadTT_openephys.m" line-rate="0" name="LoadTT_openephys">
               <methods/>
               <lines>
                  <line hits="0" number="40"/>
                  <line hits="0" number="41"/>
                  <line hits="0" number="42"/>
                  <line hits="0" number="43"/>
                  <line hits="0" number="44"/>
                  <line hits="0" number="45"/>
                  <line hits="0" number="49"/>
                  <line hits="0" number="50"/>
                  <line hits="0" number="53"/>
                  <line hits="0" number="54"/>
                  <line hits="0" number="56"/>
                  <line hits="0" number="57"/>
                  <line hits="0" number="58"/>
                  <line hits="0" number="59"/>
                  <line hits="0" number="60"/>
                  <line hits="0" number="61"/>
                  <line hits="0" number="62"/>
                  <line hits="0" number="63"/>
                  <line hits="0" number="64"/>
                  <line hits="0" number="65"/>
                  <line hits="0" number="67"/>
                  <line hits="0" number="68"/>
                  <line hits="0" number="69"/>
                  <line hits="0" number="70"/>
                  <line hits="0" number="71"/>
                  <line hits="0" number="72"/>
                  <line hits="0" number="74"/>
                  <line hits="0" number="75"/>
                  <line hits="0" number="76"/>
                  <line hits="0" number="77"/>
                  <line hits="0" number="78"/>
                  <line hits="0" number="80"/>
                  <line hits="0" number="81"/>
                  <line hits="0" number="82"/>
                  <line hits="0" number="83"/>
                  <line hits="0" number="85"/>
                  <line hits="0" number="86"/>
               </lines>
            </class>
            <class branch-rate="NaN" complexity="NaN" filename="LoadTT_simpleclust.m" line-rate="0" name="LoadTT_simpleclust">
               <methods/>
               <lines>
                  <line hits="0" number="32"/>
                  <line hits="0" number="34"/>
                  <line hits="0" number="36"/>
                  <line hits="0" number="37"/>
                  <line hits="0" number="39"/>
                  <line hits="0" number="40"/>
                  <line hits="0" number="42"/>
                  <line hits="0" number="43"/>
                  <line hits="0" number="44"/>
                  <line hits="0" number="46"/>
                  <line hits="0" number="47"/>
                  <line hits="0" number="50"/>
                  <line hits="0" number="51"/>
                  <line hits="0" number="52"/>
                  <line hits="0" number="53"/>
                  <line hits="0" number="54"/>
                  <line hits="0" number="55"/>
                  <line hits="0" number="58"/>
                  <line hits="0" number="60"/>
                  <line hits="0" number="61"/>
                  <line hits="0" number="62"/>
                  <line hits="0" number="64"/>
                  <line hits="0" number="65"/>
                  <line hits="0" number="66"/>
                  <line hits="0" number="68"/>
                  <line hits="0" number="69"/>
                  <line hits="0" number="70"/>
                  <line hits="0" number="72"/>
                  <line hits="0" number="73"/>
                  <line hits="0" number="74"/>
                  <line hits="0" number="76"/>
                  <line hits="0" number="77"/>
                  <line hits="0" number="78"/>
                  <line hits="0" number="80"/>
                  <line hits="0" number="81"/>
                  <line hits="0" number="83"/>
                  <line hits="0" number="84"/>
                  <line hits="0" number="87"/>
                  <line hits="0" number="88"/>
                  <line hits="0" number="89"/>
               </lines>
            </class>
            <class branch-rate="NaN" complexity="NaN" filename="convert_open_ephys_to_kwik.m" line-rate="0" name="convert_open_ephys_to_kwik">
               <methods/>
               <lines>
                  <line hits="0" number="37"/>
                  <line hits="0" number="39"/>
                  <line hits="0" number="40"/>
                  <line hits="0" number="41"/>
                  <line hits="0" number="42"/>
                  <line hits="0" number="45"/>
                  <line hits="0" number="51"/>
                  <line hits="0" number="54"/>
                  <line hits="0" number="56"/>
                  <line hits="0" number="58"/>
                  <line hits="0" number="59"/>
                  <line hits="0" number="62"/>
                  <line hits="0" number="63"/>
                  <line hits="0" number="70"/>
                  <line hits="0" number="72"/>
                  <line hits="0" number="74"/>
                  <line hits="0" number="76"/>
                  <line hits="0" number="78"/>
                  <line hits="0" number="79"/>
                  <line hits="0" number="81"/>
                  <line hits="0" number="82"/>
                  <line hits="0" number="85"/>
                  <line hits="0" number="87"/>
                  <line hits="0" number="88"/>
                  <line hits="0" number="89"/>
                  <line hits="0" number="91"/>
                  <line hits="0" number="93"/>
                  <line hits="0" number="94"/>
                  <line hits="0" number="96"/>
                  <line hits="0" number="98"/>
                  <line hits="0" number="99"/>
                  <line hits="0" number="100"/>
                  <line hits="0" number="102"/>
                  <line hits="0" number="104"/>
                  <line hits="0" number="106"/>
                  <line hits="0" number="107"/>
                  <line hits="0" number="108"/>
                  <line hits="0" number="111"/>
                  <line hits="0" number="113"/>
                  <line hits="0" number="114"/>
                  <line hits="0" number="116"/>
                  <line hits="0" number="118"/>
                  <line hits="0" number="120"/>
                  <line hits="0" number="122"/>
                  <line hits="0" number="124"/>
                  <line hits="0" number="128"/>
                  <line hits="0" number="129"/>
                  <line hits="0" number="142"/>
                  <line hits="0" number="145"/>
                  <line hits="0" number="147"/>
                  <line hits="0" number="148"/>
                  <line hits="0" number="151"/>
                  <line hits="0" number="153"/>
                  <line hits="0" number="154"/>
                  <line hits="0" number="156"/>
                  <line hits="0" number="158"/>
                  <line hits="0" number="160"/>
                  <line hits="0" number="161"/>
                  <line hits="0" number="164"/>
                  <line hits="0" number="166"/>
                  <line hits="0" number="168"/>
                  <line hits="0" number="169"/>
                  <line hits="0" number="171"/>
                  <line hits="0" number="173"/>
                  <line hits="0" number="174"/>
                  <line hits="0" number="176"/>
                  <line hits="0" number="178"/>
                  <line hits="0" number="179"/>
                  <line hits="0" number="180"/>
                  <line hits="0" number="182"/>
                  <line hits="0" number="183"/>
               </lines>
            </class>
            <class branch-rate="NaN" complexity="NaN" filename="ephys_data_viewer.m" line-rate="0" name="ephys_data_viewer">
               <methods/>
               <lines>
                  <line hits="0" number="22"/>
                  <line hits="0" number="23"/>
                  <line hits="0" number="24"/>
                  <line hits="0" number="25"/>
                  <line hits="0" number="26"/>
                  <line hits="0" number="27"/>
                  <line hits="0" number="29"/>
                  <line hits="0" number="33"/>
                  <line hits="0" number="34"/>
                  <line hits="0" number="35"/>
                  <line hits="0" number="36"/>
                  <line hits="0" number="37"/>
                  <line hits="0" number="38"/>
                  <line hits="0" number="39"/>
                  <line hits="0" number="42"/>
                  <line hits="0" number="44"/>
                  <line hits="0" number="45"/>
                  <line hits="0" number="46"/>
                  <line hits="0" number="47"/>
                  <line hits="0" number="48"/>
                  <line hits="0" number="49"/>
                  <line hits="0" number="50"/>
                  <line hits="0" number="51"/>
                  <line hits="0" number="52"/>
                  <line hits="0" number="54"/>
                  <line hits="0" number="56"/>
                  <line hits="0" number="57"/>
                  <line hits="0" number="58"/>
                  <line hits="0" number="59"/>
                  <line hits="0" number="60"/>
                  <line hits="0" number="61"/>
                  <line hits="0" number="63"/>
                  <line hits="0" number="64"/>
                  <line hits="0" number="65"/>
                  <line hits="0" number="67"/>
                  <line hits="0" number="70"/>
                  <line hits="0" number="71"/>
                  <line hits="0" number="72"/>
                  <line hits="0" number="74"/>
                  <line hits="0" number="75"/>
                  <line hits="0" number="76"/>
               </lines>
            </class>
            <class branch-rate="NaN" complexity="NaN" filename="get_full_path.m" line-rate="0" name="get_full_path">
               <methods/>
               <lines>
                  <line hits="0" number="10"/>
                  <line hits="0" number="12"/>
                  <line hits="0" number="13"/>
                  <line hits="0" number="16"/>
                  <line hits="0" number="17"/>
                  <line hits="0" number="20"/>
                  <line hits="0" number="22"/>
                  <line hits="0" number="23"/>
               </lines>
            </class>
            <class branch-rate="NaN" complexity="NaN" filename="get_session_info.m" line-rate="0" name="get_session_info">
               <methods/>
               <lines>
                  <line hits="0" number="5"/>
                  <line hits="0" number="11"/>
                  <line hits="0" number="13"/>
                  <line hits="0" number="14"/>
                  <line hits="0" number="16"/>
                  <line hits="0" number="17"/>
                  <line hits="0" number="20"/>
                  <line hits="0" number="22"/>
                  <line hits="0" number="24"/>
                  <line hits="0" number="26"/>
                  <line hits="0" number="29"/>
                  <line hits="0" number="31"/>
                  <line hits="0" number="33"/>
                  <line hits="0" number="35"/>
                  <line hits="0" number="37"/>
                  <line hits="0" number="38"/>
                  <line hits="0" number="40"/>
                  <line hits="0" number="41"/>
                  <line hits="0" number="42"/>
                  <line hits="0" number="44"/>
                  <line hits="0" number="46"/>
                  <line hits="0" number="49"/>
                  <line hits="0" number="51"/>
                  <line hits="0" number="53"/>
                  <line hits="0" number="55"/>
                  <line hits="0" number="57"/>
                  <line hits="0" number="58"/>
                  <line hits="0" number="61"/>
                  <line hits="0" number="63"/>
                  <line hits="0" number="65"/>
                  <line hits="0" number="67"/>
                  <line hits="0" number="69"/>
                  <line hits="0" number="75"/>
                  <line hits="0" number="76"/>
                  <line hits="0" number="90"/>
                  <line hits="0" number="92"/>
                  <line hits="0" number="94"/>
                  <line hits="0" number="98"/>
                  <line hits="0" number="99"/>
                  <line hits="0" number="100"/>
                  <line hits="0" number="102"/>
                  <line hits="0" number="103"/>
                  <line hits="0" number="107"/>
                  <line hits="0" number="109"/>
                  <line hits="0" number="111"/>
                  <line hits="0" number="117"/>
                  <line hits="0" number="121"/>
                  <line hits="0" number="123"/>
                  <line hits="0" number="129"/>
                  <line hits="0" number="131"/>
                  <line hits="0" number="135"/>
                  <line hits="0" number="136"/>
               </lines>
            </class>
            <class branch-rate="NaN" complexity="NaN" filename="load_open_ephys_data.m" line-rate="0" name="load_open_ephys_data">
               <methods/>
               <lines>
                  <line hits="0" number="54"/>
                  <line hits="0" number="56"/>
                  <line hits="0" number="57"/>
                  <line hits="0" number="60"/>
                  <line hits="0" number="61"/>
                  <line hits="0" number="62"/>
                  <line hits="0" number="63"/>
                  <line hits="0" number="64"/>
                  <line hits="0" number="67"/>
                  <line hits="0" number="68"/>
                  <line hits="0" number="69"/>
                  <line hits="0" number="70"/>
                  <line hits="0" number="71"/>
                  <line hits="0" number="77"/>
                  <line hits="0" number="79"/>
                  <line hits="0" number="81"/>
                  <line hits="0" number="83"/>
                  <line hits="0" number="84"/>
                  <line hits="0" number="85"/>
                  <line hits="0" number="87"/>
                  <line hits="0" number="88"/>
                  <line hits="0" number="89"/>
                  <line hits="0" number="90"/>
                  <line hits="0" number="94"/>
                  <line hits="0" number="95"/>
                  <line hits="0" number="96"/>
                  <line hits="0" number="97"/>
                  <line hits="0" number="98"/>
                  <line hits="0" number="99"/>
                  <line hits="0" number="101"/>
                  <line hits="0" number="103"/>
                  <line hits="0" number="105"/>
                  <line hits="0" number="106"/>
                  <line hits="0" number="107"/>
                  <line hits="0" number="108"/>
                  <line hits="0" number="112"/>
                  <line hits="0" number="113"/>
                  <line hits="0" number="114"/>
                  <line hits="0" number="115"/>
                  <line hits="0" number="116"/>
                  <line hits="0" number="118"/>
                  <line hits="0" number="119"/>
                  <line hits="0" number="125"/>
                  <line hits="0" number="126"/>
                  <line hits="0" number="127"/>
                  <line hits="0" number="128"/>
                  <line hits="0" number="129"/>
                  <line hits="0" number="130"/>
                  <line hits="0" number="136"/>
                  <line hits="0" number="138"/>
                  <line hits="0" number="140"/>
                  <line hits="0" number="142"/>
                  <line hits="0" number="143"/>
                  <line hits="0" number="144"/>
                  <line hits="0" number="146"/>
                  <line hits="0" number="147"/>
                  <line hits="0" number="148"/>
                  <line hits="0" number="149"/>
                  <line hits="0" number="153"/>
                  <line hits="0" number="154"/>
                  <line hits="0" number="155"/>
                  <line hits="0" number="157"/>
                  <line hits="0" number="158"/>
                  <line hits="0" number="161"/>
                  <line hits="0" number="163"/>
                  <line hits="0" number="165"/>
                  <line hits="0" number="167"/>
                  <line hits="0" number="169"/>
                  <line hits="0" number="170"/>
                  <line hits="0" number="171"/>
                  <line hits="0" number="174"/>
                  <line hits="0" number="175"/>
                  <line hits="0" number="178"/>
                  <line hits="0" number="179"/>
                  <line hits="0" number="180"/>
                  <line hits="0" number="184"/>
                  <line hits="0" number="186"/>
                  <line hits="0" number="190"/>
                  <line hits="0" number="192"/>
                  <line hits="0" number="194"/>
                  <line hits="0" number="196"/>
                  <line hits="0" number="198"/>
                  <line hits="0" number="200"/>
                  <line hits="0" number="202"/>
                  <line hits="0" number="204"/>
                  <line hits="0" number="205"/>
                  <line hits="0" number="206"/>
                  <line hits="0" number="207"/>
                  <line hits="0" number="214"/>
                  <line hits="0" number="216"/>
                  <line hits="0" number="217"/>
                  <line hits="0" number="219"/>
                  <line hits="0" number="226"/>
                  <line hits="0" number="228"/>
                  <line hits="0" number="230"/>
                  <line hits="0" number="232"/>
                  <line hits="0" number="234"/>
                  <line hits="0" number="236"/>
                  <line hits="0" number="237"/>
                  <line hits="0" number="239"/>
                  <line hits="0" number="240"/>
                  <line hits="0" number="248"/>
                  <line hits="0" number="249"/>
                  <line hits="0" number="250"/>
                  <line hits="0" number="252"/>
                  <line hits="0" number="253"/>
                  <line hits="0" number="257"/>
                  <line hits="0" number="259"/>
                  <line hits="0" number="261"/>
                  <line hits="0" number="263"/>
                  <line hits="0" number="265"/>
                  <line hits="0" number="267"/>
                  <line hits="0" number="269"/>
                  <line hits="0" number="271"/>
                  <line hits="0" number="273"/>
                  <line hits="0" number="275"/>
                  <line hits="0" number="277"/>
                  <line hits="0" number="279"/>
                  <line hits="0" number="281"/>
                  <line hits="0" number="291"/>
                  <line hits="0" number="293"/>
                  <line hits="0" number="295"/>
                  <line hits="0" number="297"/>
                  <line hits="0" number="298"/>
                  <line hits="0" number="299"/>
                  <line hits="0" number="301"/>
                  <line hits="0" number="302"/>
                  <line hits="0" number="303"/>
                  <line hits="0" number="304"/>
                  <line hits="0" number="307"/>
                  <line hits="0" number="308"/>
                  <line hits="0" number="311"/>
                  <line hits="0" number="312"/>
                  <line hits="0" number="313"/>
                  <line hits="0" number="314"/>
                  <line hits="0" number="315"/>
                  <line hits="0" number="317"/>
                  <line hits="0" number="318"/>
                  <line hits="0" number="321"/>
                  <line hits="0" number="322"/>
                  <line hits="0" number="326"/>
                  <line hits="0" number="327"/>
                  <line hits="0" number="329"/>
                  <line hits="0" number="331"/>
                  <line hits="0" number="333"/>
                  <line hits="0" number="334"/>
                  <line hits="0" number="335"/>
                  <line hits="0" number="336"/>
                  <line hits="0" number="339"/>
                  <line hits="0" number="342"/>
                  <line hits="0" number="344"/>
                  <line hits="0" number="346"/>
                  <line hits="0" number="347"/>
                  <line hits="0" number="348"/>
                  <line hits="0" number="349"/>
                  <line hits="0" number="350"/>
                  <line hits="0" number="351"/>
                  <line hits="0" number="352"/>
                  <line hits="0" number="353"/>
                  <line hits="0" number="354"/>
                  <line hits="0" number="355"/>
                  <line hits="0" number="358"/>
                  <line hits="0" number="359"/>
                  <line hits="0" number="360"/>
                  <line hits="0" number="361"/>
                  <line hits="0" number="362"/>
                  <line hits="0" number="365"/>
                  <line hits="0" number="368"/>
                  <line hits="0" number="370"/>
                  <line hits="0" number="372"/>
                  <line hits="0" number="373"/>
                  <line hits="0" number="375"/>
                  <line hits="0" number="377"/>
                  <line hits="0" number="378"/>
                  <line hits="0" number="379"/>
                  <line hits="0" number="380"/>
                  <line hits="0" number="383"/>
                  <line hits="0" number="384"/>
                  <line hits="0" number="385"/>
                  <line hits="0" number="386"/>
                  <line hits="0" number="387"/>
                  <line hits="0" number="388"/>
                  <line hits="0" number="389"/>
                  <line hits="0" number="390"/>
                  <line hits="0" number="393"/>
                  <line hits="0" number="395"/>
                  <line hits="0" number="397"/>
                  <line hits="0" number="399"/>
                  <line hits="0" number="400"/>
                  <line hits="0" number="401"/>
                  <line hits="0" number="402"/>
                  <line hits="0" number="403"/>
                  <line hits="0" number="404"/>
                  <line hits="0" number="407"/>
                  <line hits="0" number="409"/>
                  <line hits="0" number="410"/>
                  <line hits="0" number="412"/>
                  <line hits="0" number="414"/>
                  <line hits="0" number="415"/>
                  <line hits="0" number="416"/>
                  <line hits="0" number="419"/>
                  <line hits="0" number="422"/>
                  <line hits="0" number="423"/>
                  <line hits="0" number="424"/>
                  <line hits="0" number="427"/>
                  <line hits="0" number="428"/>
                  <line hits="0" number="429"/>
                  <line hits="0" number="430"/>
                  <line hits="0" number="431"/>
                  <line hits="0" number="433"/>
                  <line hits="0" number="434"/>
                  <line hits="0" number="437"/>
                  <line hits="0" number="438"/>
                  <line hits="0" number="441"/>
                  <line hits="0" number="443"/>
                  <line hits="0" number="447"/>
                  <line hits="0" number="449"/>
                  <line hits="0" number="450"/>
                  <line hits="0" number="451"/>
                  <line hits="0" number="460"/>
                  <line hits="0" number="461"/>
                  <line hits="0" number="462"/>
               </lines>
            </class>
         </classes>
      </package>
   </packages>
</coverage>