<?xml version="1.0" encoding="utf-8"?>
<coverage branch-rate="NaN" branches-covered="NaN" branches-valid="NaN" complexity="NaN" line-rate="0" lines-covered="0" lines-valid="70" timestamp="1659427807.491" version="">
   <sources>
      <source>C:\Users\mvdm\Documents\GitHub\vandermeerlab\code-matlab\shared\util\linspecer\</source>
   </sources>
   <packages>
      <package branch-rate="NaN" complexity="NaN" line-rate="0" name="">
         <classes>
            <class branch-rate="NaN" complexity="NaN" filename="linspecer.m" line-rate="0" name="linspecer">
               <methods/>
               <lines>
                  <line hits="0" number="62"/>
                  <line hits="0" number="63"/>
                  <line hits="0" number="66"/>
                  <line hits="0" number="69"/>
                  <line hits="0" number="70"/>
                  <line hits="0" number="71"/>
                  <line hits="0" number="75"/>
                  <line hits="0" number="77"/>
                  <line hits="0" number="78"/>
                  <line hits="0" number="79"/>
                  <line hits="0" number="80"/>
                  <line hits="0" number="81"/>
                  <line hits="0" number="82"/>
                  <line hits="0" number="83"/>
                  <line hits="0" number="84"/>
                  <line hits="0" number="87"/>
                  <line hits="0" number="88"/>
                  <line hits="0" number="89"/>
                  <line hits="0" number="90"/>
                  <line hits="0" number="91"/>
                  <line hits="0" number="92"/>
                  <line hits="0" number="97"/>
                  <line hits="0" number="98"/>
                  <line hits="0" number="99"/>
                  <line hits="0" number="101"/>
                  <line hits="0" number="103"/>
                  <line hits="0" number="104"/>
                  <line hits="0" number="105"/>
                  <line hits="0" number="106"/>
                  <line hits="0" number="107"/>
                  <line hits="0" number="108"/>
                  <line hits="0" number="109"/>
                  <line hits="0" number="110"/>
                  <line hits="0" number="111"/>
                  <line hits="0" number="112"/>
                  <line hits="0" number="113"/>
                  <line hits="0" number="114"/>
                  <line hits="0" number="116"/>
                  <line hits="0" number="117"/>
                  <line hits="0" number="119"/>
                  <line hits="0" number="124"/>
                  <line hits="0" number="125"/>
                  <line hits="0" number="131"/>
                  <line hits="0" number="132"/>
                  <line hits="0" number="133"/>
                  <line hits="0" number="134"/>
                  <line hits="0" number="137"/>
                  <line hits="0" number="138"/>
                  <line hits="0" number="143"/>
                  <line hits="0" number="144"/>
                  <line hits="0" number="149"/>
                  <line hits="0" number="150"/>
                  <line hits="0" number="151"/>
                  <line hits="0" number="162"/>
                  <line hits="0" number="163"/>
                  <line hits="0" number="164"/>
                  <line hits="0" number="167"/>
                  <line hits="0" number="168"/>
                  <line hits="0" number="169"/>
                  <line hits="0" number="171"/>
                  <line hits="0" number="172"/>
                  <line hits="0" number="174"/>
                  <line hits="0" number="177"/>
                  <line hits="0" number="178"/>
                  <line hits="0" number="179"/>
                  <line hits="0" number="180"/>
                  <line hits="0" number="181"/>
                  <line hits="0" number="182"/>
                  <line hits="0" number="183"/>
                  <line hits="0" number="185"/>
               </lines>
            </class>
         </classes>
      </package>
   </packages>
</coverage>