<?xml version="1.0" encoding="utf-8"?>
<coverage branch-rate="NaN" branches-covered="NaN" branches-valid="NaN" complexity="NaN" line-rate="0.050403" lines-covered="25" lines-valid="496" timestamp="1659427800.601" version="">
   <sources>
      <source>C:\Users\mvdm\Documents\GitHub\vandermeerlab\code-matlab\shared\datatypes\iv\</source>
   </sources>
   <packages>
      <package branch-rate="NaN" complexity="NaN" line-rate="0.050403" name="">
         <classes>
            <class branch-rate="NaN" complexity="NaN" filename="AddNActiveCellsIV.m" line-rate="0" name="AddNActiveCellsIV">
               <methods/>
               <lines>
                  <line hits="0" number="22"/>
                  <line hits="0" number="23"/>
                  <line hits="0" number="24"/>
                  <line hits="0" number="25"/>
                  <line hits="0" number="27"/>
                  <line hits="0" number="28"/>
                  <line hits="0" number="32"/>
                  <line hits="0" number="33"/>
                  <line hits="0" number="36"/>
                  <line hits="0" number="37"/>
                  <line hits="0" number="40"/>
                  <line hits="0" number="43"/>
                  <line hits="0" number="44"/>
                  <line hits="0" number="45"/>
                  <line hits="0" number="48"/>
                  <line hits="0" number="50"/>
                  <line hits="0" number="52"/>
                  <line hits="0" number="53"/>
                  <line hits="0" number="54"/>
                  <line hits="0" number="55"/>
                  <line hits="0" number="56"/>
                  <line hits="0" number="61"/>
                  <line hits="0" number="62"/>
                  <line hits="0" number="65"/>
                  <line hits="0" number="66"/>
                  <line hits="0" number="68"/>
                  <line hits="0" number="72"/>
                  <line hits="0" number="73"/>
               </lines>
            </class>
            <class branch-rate="NaN" complexity="NaN" filename="AddTSDtoIV.m" line-rate="0" name="AddTSDtoIV">
               <methods/>
               <lines>
                  <line hits="0" number="22"/>
                  <line hits="0" number="24"/>
                  <line hits="0" number="25"/>
                  <line hits="0" number="28"/>
                  <line hits="0" number="29"/>
                  <line hits="0" number="30"/>
                  <line hits="0" number="31"/>
                  <line hits="0" number="32"/>
                  <line hits="0" number="33"/>
                  <line hits="0" number="34"/>
                  <line hits="0" number="35"/>
                  <line hits="0" number="40"/>
                  <line hits="0" number="41"/>
                  <line hits="0" number="44"/>
                  <line hits="0" number="46"/>
                  <line hits="0" number="47"/>
                  <line hits="0" number="48"/>
                  <line hits="0" number="49"/>
                  <line hits="0" number="51"/>
                  <line hits="0" number="52"/>
                  <line hits="0" number="53"/>
                  <line hits="0" number="57"/>
                  <line hits="0" number="60"/>
                  <line hits="0" number="61"/>
               </lines>
            </class>
            <class branch-rate="NaN" complexity="NaN" filename="CheckIV.m" line-rate="0.38889" name="CheckIV">
               <methods/>
               <lines>
                  <line hits="1" number="26"/>
                  <line hits="1" number="28"/>
                  <line hits="1" number="29"/>
                  <line hits="0" number="30"/>
                  <line hits="1" number="33"/>
                  <line hits="1" number="34"/>
                  <line hits="0" number="35"/>
                  <line hits="0" number="36"/>
                  <line hits="1" number="37"/>
                  <line hits="1" number="38"/>
                  <line hits="0" number="39"/>
                  <line hits="0" number="40"/>
                  <line hits="0" number="41"/>
                  <line hits="0" number="42"/>
                  <line hits="0" number="43"/>
                  <line hits="0" number="45"/>
                  <line hits="0" number="46"/>
                  <line hits="0" number="47"/>
               </lines>
            </class>
            <class branch-rate="NaN" complexity="NaN" filename="DifferenceIV.m" line-rate="0" name="DifferenceIV">
               <methods/>
               <lines>
                  <line hits="0" number="25"/>
                  <line hits="0" number="26"/>
                  <line hits="0" number="28"/>
                  <line hits="0" number="30"/>
                  <line hits="0" number="32"/>
                  <line hits="0" number="33"/>
                  <line hits="0" number="36"/>
                  <line hits="0" number="37"/>
                  <line hits="0" number="39"/>
                  <line hits="0" number="40"/>
                  <line hits="0" number="41"/>
                  <line hits="0" number="45"/>
                  <line hits="0" number="46"/>
                  <line hits="0" number="47"/>
                  <line hits="0" number="48"/>
                  <line hits="0" number="54"/>
                  <line hits="0" number="55"/>
                  <line hits="0" number="56"/>
                  <line hits="0" number="59"/>
                  <line hits="0" number="60"/>
                  <line hits="0" number="61"/>
                  <line hits="0" number="62"/>
                  <line hits="0" number="66"/>
                  <line hits="0" number="69"/>
                  <line hits="0" number="70"/>
               </lines>
            </class>
            <class branch-rate="NaN" complexity="NaN" filename="IVcenters.m" line-rate="0" name="IVcenters">
               <methods/>
               <lines>
                  <line hits="0" number="4"/>
                  <line hits="0" number="5"/>
                  <line hits="0" number="8"/>
               </lines>
            </class>
            <class branch-rate="NaN" complexity="NaN" filename="IntersectIV.m" line-rate="0" name="IntersectIV">
               <methods/>
               <lines>
                  <line hits="0" number="19"/>
                  <line hits="0" number="20"/>
                  <line hits="0" number="22"/>
                  <line hits="0" number="23"/>
                  <line hits="0" number="25"/>
                  <line hits="0" number="26"/>
                  <line hits="0" number="30"/>
                  <line hits="0" number="31"/>
                  <line hits="0" number="32"/>
                  <line hits="0" number="33"/>
                  <line hits="0" number="34"/>
                  <line hits="0" number="35"/>
                  <line hits="0" number="38"/>
                  <line hits="0" number="39"/>
                  <line hits="0" number="40"/>
                  <line hits="0" number="44"/>
                  <line hits="0" number="45"/>
                  <line hits="0" number="46"/>
                  <line hits="0" number="47"/>
                  <line hits="0" number="48"/>
                  <line hits="0" number="51"/>
                  <line hits="0" number="52"/>
                  <line hits="0" number="53"/>
                  <line hits="0" number="54"/>
                  <line hits="0" number="55"/>
                  <line hits="0" number="62"/>
                  <line hits="0" number="63"/>
                  <line hits="0" number="66"/>
                  <line hits="0" number="67"/>
               </lines>
            </class>
            <class branch-rate="NaN" complexity="NaN" filename="InvertIV.m" line-rate="0" name="InvertIV">
               <methods/>
               <lines>
                  <line hits="0" number="8"/>
                  <line hits="0" number="9"/>
                  <line hits="0" number="10"/>
               </lines>
            </class>
            <class branch-rate="NaN" complexity="NaN" filename="MergeIV.m" line-rate="0" name="MergeIV">
               <methods/>
               <lines>
                  <line hits="0" number="42"/>
                  <line hits="0" number="43"/>
                  <line hits="0" number="45"/>
                  <line hits="0" number="46"/>
                  <line hits="0" number="50"/>
                  <line hits="0" number="51"/>
                  <line hits="0" number="54"/>
                  <line hits="0" number="57"/>
                  <line hits="0" number="60"/>
                  <line hits="0" number="61"/>
                  <line hits="0" number="62"/>
                  <line hits="0" number="65"/>
                  <line hits="0" number="66"/>
                  <line hits="0" number="67"/>
                  <line hits="0" number="68"/>
                  <line hits="0" number="69"/>
                  <line hits="0" number="73"/>
                  <line hits="0" number="74"/>
                  <line hits="0" number="75"/>
                  <line hits="0" number="79"/>
                  <line hits="0" number="80"/>
                  <line hits="0" number="81"/>
                  <line hits="0" number="84"/>
                  <line hits="0" number="85"/>
                  <line hits="0" number="89"/>
                  <line hits="0" number="90"/>
               </lines>
            </class>
            <class branch-rate="NaN" complexity="NaN" filename="PlotTSDfromIV.m" line-rate="0" name="PlotTSDfromIV">
               <methods/>
               <lines>
                  <line hits="0" number="35"/>
                  <line hits="0" number="36"/>
                  <line hits="0" number="37"/>
                  <line hits="0" number="38"/>
                  <line hits="0" number="39"/>
                  <line hits="0" number="40"/>
                  <line hits="0" number="41"/>
                  <line hits="0" number="42"/>
                  <line hits="0" number="43"/>
                  <line hits="0" number="44"/>
                  <line hits="0" number="45"/>
                  <line hits="0" number="47"/>
                  <line hits="0" number="48"/>
                  <line hits="0" number="51"/>
                  <line hits="0" number="52"/>
                  <line hits="0" number="53"/>
                  <line hits="0" number="54"/>
                  <line hits="0" number="55"/>
                  <line hits="0" number="56"/>
                  <line hits="0" number="58"/>
                  <line hits="0" number="59"/>
                  <line hits="0" number="63"/>
                  <line hits="0" number="64"/>
                  <line hits="0" number="67"/>
                  <line hits="0" number="68"/>
                  <line hits="0" number="69"/>
                  <line hits="0" number="70"/>
                  <line hits="0" number="71"/>
                  <line hits="0" number="72"/>
                  <line hits="0" number="73"/>
                  <line hits="0" number="74"/>
                  <line hits="0" number="77"/>
                  <line hits="0" number="78"/>
                  <line hits="0" number="80"/>
                  <line hits="0" number="82"/>
                  <line hits="0" number="84"/>
                  <line hits="0" number="86"/>
                  <line hits="0" number="87"/>
                  <line hits="0" number="89"/>
                  <line hits="0" number="94"/>
                  <line hits="0" number="96"/>
                  <line hits="0" number="97"/>
                  <line hits="0" number="99"/>
                  <line hits="0" number="100"/>
                  <line hits="0" number="101"/>
                  <line hits="0" number="103"/>
                  <line hits="0" number="104"/>
                  <line hits="0" number="106"/>
                  <line hits="0" number="107"/>
                  <line hits="0" number="108"/>
                  <line hits="0" number="110"/>
                  <line hits="0" number="111"/>
                  <line hits="0" number="112"/>
                  <line hits="0" number="113"/>
               </lines>
            </class>
            <class branch-rate="NaN" complexity="NaN" filename="PlotTSDfromIV_TFR.m" line-rate="0" name="PlotTSDfromIV_TFR">
               <methods/>
               <lines>
                  <line hits="0" number="20"/>
                  <line hits="0" number="21"/>
                  <line hits="0" number="22"/>
                  <line hits="0" number="23"/>
                  <line hits="0" number="24"/>
                  <line hits="0" number="25"/>
                  <line hits="0" number="26"/>
                  <line hits="0" number="27"/>
                  <line hits="0" number="29"/>
                  <line hits="0" number="31"/>
                  <line hits="0" number="32"/>
                  <line hits="0" number="35"/>
                  <line hits="0" number="36"/>
                  <line hits="0" number="37"/>
                  <line hits="0" number="41"/>
                  <line hits="0" number="42"/>
                  <line hits="0" number="43"/>
                  <line hits="0" number="44"/>
                  <line hits="0" number="45"/>
                  <line hits="0" number="46"/>
                  <line hits="0" number="47"/>
                  <line hits="0" number="48"/>
                  <line hits="0" number="53"/>
                  <line hits="0" number="54"/>
                  <line hits="0" number="55"/>
                  <line hits="0" number="56"/>
                  <line hits="0" number="58"/>
                  <line hits="0" number="59"/>
                  <line hits="0" number="60"/>
                  <line hits="0" number="62"/>
                  <line hits="0" number="64"/>
                  <line hits="0" number="65"/>
                  <line hits="0" number="68"/>
                  <line hits="0" number="69"/>
                  <line hits="0" number="71"/>
                  <line hits="0" number="74"/>
                  <line hits="0" number="75"/>
                  <line hits="0" number="76"/>
                  <line hits="0" number="77"/>
                  <line hits="0" number="79"/>
                  <line hits="0" number="80"/>
                  <line hits="0" number="82"/>
                  <line hits="0" number="83"/>
                  <line hits="0" number="84"/>
                  <line hits="0" number="86"/>
                  <line hits="0" number="87"/>
                  <line hits="0" number="89"/>
                  <line hits="0" number="90"/>
                  <line hits="0" number="91"/>
                  <line hits="0" number="93"/>
                  <line hits="0" number="95"/>
                  <line hits="0" number="97"/>
               </lines>
            </class>
            <class branch-rate="NaN" complexity="NaN" filename="ResizeIV.m" line-rate="0" name="ResizeIV">
               <methods/>
               <lines>
                  <line hits="0" number="38"/>
                  <line hits="0" number="40"/>
                  <line hits="0" number="42"/>
                  <line hits="0" number="43"/>
                  <line hits="0" number="44"/>
                  <line hits="0" number="46"/>
                  <line hits="0" number="48"/>
                  <line hits="0" number="49"/>
                  <line hits="0" number="50"/>
                  <line hits="0" number="51"/>
                  <line hits="0" number="52"/>
                  <line hits="0" number="56"/>
                  <line hits="0" number="57"/>
                  <line hits="0" number="59"/>
                  <line hits="0" number="60"/>
                  <line hits="0" number="61"/>
                  <line hits="0" number="62"/>
                  <line hits="0" number="66"/>
                  <line hits="0" number="67"/>
                  <line hits="0" number="68"/>
                  <line hits="0" number="69"/>
                  <line hits="0" number="70"/>
                  <line hits="0" number="71"/>
                  <line hits="0" number="77"/>
                  <line hits="0" number="78"/>
               </lines>
            </class>
            <class branch-rate="NaN" complexity="NaN" filename="ResizeIVfromTSD.m" line-rate="0" name="ResizeIVfromTSD">
               <methods/>
               <lines>
                  <line hits="0" number="20"/>
                  <line hits="0" number="21"/>
                  <line hits="0" number="22"/>
                  <line hits="0" number="24"/>
                  <line hits="0" number="26"/>
                  <line hits="0" number="27"/>
                  <line hits="0" number="30"/>
                  <line hits="0" number="32"/>
                  <line hits="0" number="33"/>
                  <line hits="0" number="35"/>
                  <line hits="0" number="36"/>
                  <line hits="0" number="37"/>
                  <line hits="0" number="39"/>
                  <line hits="0" number="40"/>
                  <line hits="0" number="44"/>
                  <line hits="0" number="46"/>
                  <line hits="0" number="48"/>
                  <line hits="0" number="49"/>
                  <line hits="0" number="51"/>
                  <line hits="0" number="52"/>
                  <line hits="0" number="58"/>
               </lines>
            </class>
            <class branch-rate="NaN" complexity="NaN" filename="SelectIV.m" line-rate="0" name="SelectIV">
               <methods/>
               <lines>
                  <line hits="0" number="48"/>
                  <line hits="0" number="49"/>
                  <line hits="0" number="50"/>
                  <line hits="0" number="51"/>
                  <line hits="0" number="52"/>
                  <line hits="0" number="54"/>
                  <line hits="0" number="55"/>
                  <line hits="0" number="59"/>
                  <line hits="0" number="61"/>
                  <line hits="0" number="62"/>
                  <line hits="0" number="63"/>
                  <line hits="0" number="64"/>
                  <line hits="0" number="65"/>
                  <line hits="0" number="66"/>
                  <line hits="0" number="71"/>
                  <line hits="0" number="72"/>
                  <line hits="0" number="73"/>
                  <line hits="0" number="74"/>
                  <line hits="0" number="75"/>
                  <line hits="0" number="76"/>
                  <line hits="0" number="79"/>
                  <line hits="0" number="80"/>
                  <line hits="0" number="82"/>
                  <line hits="0" number="83"/>
                  <line hits="0" number="86"/>
                  <line hits="0" number="87"/>
                  <line hits="0" number="88"/>
                  <line hits="0" number="89"/>
                  <line hits="0" number="93"/>
                  <line hits="0" number="94"/>
                  <line hits="0" number="95"/>
                  <line hits="0" number="96"/>
                  <line hits="0" number="97"/>
                  <line hits="0" number="99"/>
                  <line hits="0" number="100"/>
                  <line hits="0" number="101"/>
                  <line hits="0" number="102"/>
                  <line hits="0" number="103"/>
                  <line hits="0" number="104"/>
                  <line hits="0" number="108"/>
                  <line hits="0" number="109"/>
                  <line hits="0" number="110"/>
                  <line hits="0" number="111"/>
                  <line hits="0" number="112"/>
                  <line hits="0" number="113"/>
                  <line hits="0" number="114"/>
                  <line hits="0" number="115"/>
                  <line hits="0" number="116"/>
                  <line hits="0" number="117"/>
                  <line hits="0" number="118"/>
                  <line hits="0" number="119"/>
                  <line hits="0" number="120"/>
                  <line hits="0" number="121"/>
                  <line hits="0" number="122"/>
                  <line hits="0" number="124"/>
                  <line hits="0" number="125"/>
                  <line hits="0" number="126"/>
                  <line hits="0" number="127"/>
                  <line hits="0" number="131"/>
                  <line hits="0" number="133"/>
                  <line hits="0" number="134"/>
                  <line hits="0" number="137"/>
                  <line hits="0" number="138"/>
                  <line hits="0" number="139"/>
                  <line hits="0" number="142"/>
                  <line hits="0" number="143"/>
                  <line hits="0" number="144"/>
                  <line hits="0" number="147"/>
                  <line hits="0" number="148"/>
                  <line hits="0" number="149"/>
                  <line hits="0" number="150"/>
                  <line hits="0" number="155"/>
                  <line hits="0" number="156"/>
                  <line hits="0" number="157"/>
                  <line hits="0" number="158"/>
                  <line hits="0" number="162"/>
                  <line hits="0" number="163"/>
                  <line hits="0" number="167"/>
                  <line hits="0" number="168"/>
               </lines>
            </class>
            <class branch-rate="NaN" complexity="NaN" filename="TSDtoIV.m" line-rate="0" name="TSDtoIV">
               <methods/>
               <lines>
                  <line hits="0" number="27"/>
                  <line hits="0" number="28"/>
                  <line hits="0" number="29"/>
                  <line hits="0" number="30"/>
                  <line hits="0" number="31"/>
                  <line hits="0" number="32"/>
                  <line hits="0" number="33"/>
                  <line hits="0" number="35"/>
                  <line hits="0" number="36"/>
                  <line hits="0" number="38"/>
                  <line hits="0" number="41"/>
                  <line hits="0" number="42"/>
                  <line hits="0" number="43"/>
                  <line hits="0" number="44"/>
                  <line hits="0" number="45"/>
                  <line hits="0" number="46"/>
                  <line hits="0" number="48"/>
                  <line hits="0" number="49"/>
                  <line hits="0" number="53"/>
                  <line hits="0" number="54"/>
                  <line hits="0" number="55"/>
                  <line hits="0" number="56"/>
                  <line hits="0" number="57"/>
                  <line hits="0" number="58"/>
                  <line hits="0" number="59"/>
                  <line hits="0" number="60"/>
                  <line hits="0" number="61"/>
                  <line hits="0" number="63"/>
                  <line hits="0" number="64"/>
                  <line hits="0" number="65"/>
                  <line hits="0" number="66"/>
                  <line hits="0" number="68"/>
                  <line hits="0" number="73"/>
                  <line hits="0" number="74"/>
                  <line hits="0" number="75"/>
                  <line hits="0" number="76"/>
                  <line hits="0" number="77"/>
                  <line hits="0" number="78"/>
                  <line hits="0" number="79"/>
                  <line hits="0" number="83"/>
                  <line hits="0" number="85"/>
                  <line hits="0" number="86"/>
                  <line hits="0" number="87"/>
                  <line hits="0" number="89"/>
                  <line hits="0" number="90"/>
                  <line hits="0" number="93"/>
                  <line hits="0" number="95"/>
                  <line hits="0" number="96"/>
                  <line hits="0" number="97"/>
                  <line hits="0" number="100"/>
                  <line hits="0" number="101"/>
                  <line hits="0" number="103"/>
                  <line hits="0" number="104"/>
                  <line hits="0" number="107"/>
                  <line hits="0" number="108"/>
                  <line hits="0" number="111"/>
                  <line hits="0" number="112"/>
                  <line hits="0" number="115"/>
                  <line hits="0" number="116"/>
                  <line hits="0" number="120"/>
                  <line hits="0" number="121"/>
               </lines>
            </class>
            <class branch-rate="NaN" complexity="NaN" filename="UnionIV.m" line-rate="0" name="UnionIV">
               <methods/>
               <lines>
                  <line hits="0" number="10"/>
                  <line hits="0" number="11"/>
                  <line hits="0" number="13"/>
                  <line hits="0" number="15"/>
                  <line hits="0" number="17"/>
                  <line hits="0" number="20"/>
                  <line hits="0" number="22"/>
                  <line hits="0" number="25"/>
                  <line hits="0" number="26"/>
                  <line hits="0" number="29"/>
                  <line hits="0" number="30"/>
                  <line hits="0" number="32"/>
                  <line hits="0" number="33"/>
                  <line hits="0" number="36"/>
                  <line hits="0" number="37"/>
                  <line hits="0" number="38"/>
                  <line hits="0" number="39"/>
                  <line hits="0" number="40"/>
                  <line hits="0" number="42"/>
                  <line hits="0" number="43"/>
                  <line hits="0" number="44"/>
                  <line hits="0" number="45"/>
                  <line hits="0" number="46"/>
                  <line hits="0" number="47"/>
                  <line hits="0" number="51"/>
                  <line hits="0" number="52"/>
               </lines>
            </class>
            <class branch-rate="NaN" complexity="NaN" filename="iv.m" line-rate="0.81818" name="iv">
               <methods/>
               <lines>
                  <line hits="15" number="39"/>
                  <line hits="15" number="40"/>
                  <line hits="15" number="41"/>
                  <line hits="15" number="42"/>
                  <line hits="15" number="44"/>
                  <line hits="6" number="46"/>
                  <line hits="6" number="47"/>
                  <line hits="6" number="48"/>
                  <line hits="0" number="49"/>
                  <line hits="0" number="50"/>
                  <line hits="9" number="53"/>
                  <line hits="7" number="55"/>
                  <line hits="7" number="56"/>
                  <line hits="7" number="57"/>
                  <line hits="0" number="58"/>
                  <line hits="0" number="59"/>
                  <line hits="15" number="65"/>
                  <line hits="2" number="66"/>
                  <line hits="15" number="69"/>
                  <line hits="2" number="70"/>
                  <line hits="15" number="74"/>
                  <line hits="15" number="75"/>
               </lines>
            </class>
         </classes>
      </package>
   </packages>
</coverage>