<?xml version="1.0" encoding="utf-8"?>
<coverage branch-rate="NaN" branches-covered="NaN" branches-valid="NaN" complexity="NaN" line-rate="0" lines-covered="0" lines-valid="80" timestamp="1659427803.656" version="">
   <sources>
      <source>C:\Users\mvdm\Documents\GitHub\vandermeerlab\code-matlab\shared\io\ft\</source>
   </sources>
   <packages>
      <package branch-rate="NaN" complexity="NaN" line-rate="0" name="">
         <classes>
            <class branch-rate="NaN" complexity="NaN" filename="ft_read_neuralynx_interp.m" line-rate="0" name="ft_read_neuralynx_interp">
               <methods/>
               <lines>
                  <line hits="0" number="19"/>
                  <line hits="0" number="20"/>
                  <line hits="0" number="21"/>
                  <line hits="0" number="22"/>
                  <line hits="0" number="25"/>
                  <line hits="0" number="28"/>
                  <line hits="0" number="31"/>
                  <line hits="0" number="32"/>
                  <line hits="0" number="36"/>
                  <line hits="0" number="37"/>
                  <line hits="0" number="38"/>
                  <line hits="0" number="42"/>
                  <line hits="0" number="43"/>
                  <line hits="0" number="44"/>
                  <line hits="0" number="45"/>
                  <line hits="0" number="46"/>
                  <line hits="0" number="47"/>
                  <line hits="0" number="50"/>
                  <line hits="0" number="51"/>
                  <line hits="0" number="52"/>
                  <line hits="0" number="53"/>
                  <line hits="0" number="56"/>
                  <line hits="0" number="57"/>
                  <line hits="0" number="58"/>
                  <line hits="0" number="59"/>
                  <line hits="0" number="64"/>
                  <line hits="0" number="65"/>
                  <line hits="0" number="66"/>
                  <line hits="0" number="67"/>
                  <line hits="0" number="69"/>
                  <line hits="0" number="70"/>
                  <line hits="0" number="71"/>
                  <line hits="0" number="73"/>
                  <line hits="0" number="77"/>
                  <line hits="0" number="78"/>
                  <line hits="0" number="79"/>
                  <line hits="0" number="80"/>
                  <line hits="0" number="81"/>
                  <line hits="0" number="84"/>
                  <line hits="0" number="85"/>
                  <line hits="0" number="86"/>
                  <line hits="0" number="87"/>
                  <line hits="0" number="88"/>
                  <line hits="0" number="91"/>
                  <line hits="0" number="94"/>
                  <line hits="0" number="95"/>
                  <line hits="0" number="96"/>
                  <line hits="0" number="97"/>
                  <line hits="0" number="99"/>
                  <line hits="0" number="100"/>
                  <line hits="0" number="101"/>
                  <line hits="0" number="102"/>
                  <line hits="0" number="103"/>
                  <line hits="0" number="105"/>
                  <line hits="0" number="108"/>
                  <line hits="0" number="109"/>
                  <line hits="0" number="110"/>
                  <line hits="0" number="111"/>
                  <line hits="0" number="115"/>
                  <line hits="0" number="116"/>
                  <line hits="0" number="117"/>
                  <line hits="0" number="118"/>
                  <line hits="0" number="123"/>
                  <line hits="0" number="124"/>
                  <line hits="0" number="125"/>
                  <line hits="0" number="126"/>
                  <line hits="0" number="131"/>
                  <line hits="0" number="132"/>
                  <line hits="0" number="136"/>
                  <line hits="0" number="137"/>
                  <line hits="0" number="138"/>
                  <line hits="0" number="139"/>
                  <line hits="0" number="140"/>
                  <line hits="0" number="141"/>
                  <line hits="0" number="146"/>
                  <line hits="0" number="147"/>
                  <line hits="0" number="148"/>
                  <line hits="0" number="149"/>
                  <line hits="0" number="150"/>
                  <line hits="0" number="151"/>
               </lines>
            </class>
         </classes>
      </package>
   </packages>
</coverage>