<?xml version="1.0" encoding="utf-8"?>
<coverage branch-rate="NaN" branches-covered="NaN" branches-valid="NaN" complexity="NaN" line-rate="0" lines-covered="0" lines-valid="338" timestamp="1659427808.262" version="">
   <sources>
      <source>C:\Users\mvdm\Documents\GitHub\vandermeerlab\code-matlab\shared\viz\matlab-plot-big\</source>
   </sources>
   <packages>
      <package branch-rate="NaN" complexity="NaN" line-rate="0" name="">
         <classes>
            <class branch-rate="NaN" complexity="NaN" filename="LinePlotExplorer.m" line-rate="0" name="LinePlotExplorer">
               <methods>
                  <method branch-rate="NaN" line-rate="0" name="LinePlotExplorer" signature="o = LinePlotExplorer(varargin)">
                     <lines>
                        <line hits="0" number="74"/>
                        <line hits="0" number="75"/>
                        <line hits="0" number="76"/>
                        <line hits="0" number="79"/>
                        <line hits="0" number="80"/>
                        <line hits="0" number="81"/>
                        <line hits="0" number="82"/>
                     </lines>
                  </method>
                  <method branch-rate="NaN" line-rate="0" name="Stop" signature="Stop(o)">
                     <lines>
                        <line hits="0" number="93"/>
                        <line hits="0" number="96"/>
                        <line hits="0" number="97"/>
                        <line hits="0" number="98"/>
                        <line hits="0" number="99"/>
                        <line hits="0" number="100"/>
                     </lines>
                  </method>
                  <method branch-rate="NaN" line-rate="0" name="AttachCallback" signature="AttachCallback(o, varargin)">
                     <lines>
                        <line hits="0" number="112"/>
                        <line hits="0" number="113"/>
                        <line hits="0" number="114"/>
                        <line hits="0" number="115"/>
                        <line hits="0" number="116"/>
                        <line hits="0" number="117"/>
                        <line hits="0" number="118"/>
                        <line hits="0" number="119"/>
                        <line hits="0" number="120"/>
                        <line hits="0" number="121"/>
                        <line hits="0" number="122"/>
                        <line hits="0" number="123"/>
                     </lines>
                  </method>
                  <method branch-rate="NaN" line-rate="0" name="Scroll" signature="Scroll(o, h, event, varargin)">
                     <lines>
                        <line hits="0" number="137"/>
                        <line hits="0" number="140"/>
                        <line hits="0" number="141"/>
                        <line hits="0" number="144"/>
                        <line hits="0" number="145"/>
                        <line hits="0" number="148"/>
                        <line hits="0" number="149"/>
                        <line hits="0" number="150"/>
                        <line hits="0" number="151"/>
                        <line hits="0" number="152"/>
                        <line hits="0" number="156"/>
                        <line hits="0" number="159"/>
                        <line hits="0" number="160"/>
                        <line hits="0" number="161"/>
                        <line hits="0" number="164"/>
                        <line hits="0" number="167"/>
                        <line hits="0" number="170"/>
                     </lines>
                  </method>
                  <method branch-rate="NaN" line-rate="0" name="ButtonDown" signature="ButtonDown(o, h, event, varargin)">
                     <lines>
                        <line hits="0" number="179"/>
                        <line hits="0" number="180"/>
                        <line hits="0" number="181"/>
                        <line hits="0" number="182"/>
                        <line hits="0" number="185"/>
                     </lines>
                  </method>
                  <method branch-rate="NaN" line-rate="0" name="ButtonUp" signature="ButtonUp(o, h, event, varargin)">
                     <lines>
                        <line hits="0" number="192"/>
                        <line hits="0" number="195"/>
                     </lines>
                  </method>
                  <method branch-rate="NaN" line-rate="0" name="Motion" signature="Motion(o, h, event, varargin)">
                     <lines>
                        <line hits="0" number="202"/>
                        <line hits="0" number="205"/>
                        <line hits="0" number="206"/>
                        <line hits="0" number="207"/>
                        <line hits="0" number="210"/>
                        <line hits="0" number="211"/>
                        <line hits="0" number="212"/>
                        <line hits="0" number="214"/>
                        <line hits="0" number="215"/>
                        <line hits="0" number="219"/>
                        <line hits="0" number="224"/>
                     </lines>
                  </method>
               </methods>
               <lines>
                  <line hits="0" number="74"/>
                  <line hits="0" number="75"/>
                  <line hits="0" number="76"/>
                  <line hits="0" number="79"/>
                  <line hits="0" number="80"/>
                  <line hits="0" number="81"/>
                  <line hits="0" number="82"/>
                  <line hits="0" number="93"/>
                  <line hits="0" number="96"/>
                  <line hits="0" number="97"/>
                  <line hits="0" number="98"/>
                  <line hits="0" number="99"/>
                  <line hits="0" number="100"/>
                  <line hits="0" number="112"/>
                  <line hits="0" number="113"/>
                  <line hits="0" number="114"/>
                  <line hits="0" number="115"/>
                  <line hits="0" number="116"/>
                  <line hits="0" number="117"/>
                  <line hits="0" number="118"/>
                  <line hits="0" number="119"/>
                  <line hits="0" number="120"/>
                  <line hits="0" number="121"/>
                  <line hits="0" number="122"/>
                  <line hits="0" number="123"/>
                  <line hits="0" number="137"/>
                  <line hits="0" number="140"/>
                  <line hits="0" number="141"/>
                  <line hits="0" number="144"/>
                  <line hits="0" number="145"/>
                  <line hits="0" number="148"/>
                  <line hits="0" number="149"/>
                  <line hits="0" number="150"/>
                  <line hits="0" number="151"/>
                  <line hits="0" number="152"/>
                  <line hits="0" number="156"/>
                  <line hits="0" number="159"/>
                  <line hits="0" number="160"/>
                  <line hits="0" number="161"/>
                  <line hits="0" number="164"/>
                  <line hits="0" number="167"/>
                  <line hits="0" number="170"/>
                  <line hits="0" number="179"/>
                  <line hits="0" number="180"/>
                  <line hits="0" number="181"/>
                  <line hits="0" number="182"/>
                  <line hits="0" number="185"/>
                  <line hits="0" number="192"/>
                  <line hits="0" number="195"/>
                  <line hits="0" number="202"/>
                  <line hits="0" number="205"/>
                  <line hits="0" number="206"/>
                  <line hits="0" number="207"/>
                  <line hits="0" number="210"/>
                  <line hits="0" number="211"/>
                  <line hits="0" number="212"/>
                  <line hits="0" number="214"/>
                  <line hits="0" number="215"/>
                  <line hits="0" number="219"/>
                  <line hits="0" number="224"/>
                  <line hits="0" number="234"/>
                  <line hits="0" number="235"/>
                  <line hits="0" number="236"/>
                  <line hits="0" number="237"/>
                  <line hits="0" number="238"/>
                  <line hits="0" number="239"/>
                  <line hits="0" number="240"/>
               </lines>
            </class>
            <class branch-rate="NaN" complexity="NaN" filename="LinePlotReducer.m" line-rate="0" name="LinePlotReducer">
               <methods>
                  <method branch-rate="NaN" line-rate="0" name="LinePlotReducer" signature="o = LinePlotReducer(varargin)">
                     <lines>
                        <line hits="0" number="168"/>
                        <line hits="0" number="172"/>
                        <line hits="0" number="173"/>
                        <line hits="0" number="174"/>
                        <line hits="0" number="175"/>
                        <line hits="0" number="178"/>
                        <line hits="0" number="179"/>
                        <line hits="0" number="180"/>
                        <line hits="0" number="184"/>
                        <line hits="0" number="186"/>
                        <line hits="0" number="187"/>
                        <line hits="0" number="188"/>
                        <line hits="0" number="194"/>
                        <line hits="0" number="195"/>
                        <line hits="0" number="197"/>
                        <line hits="0" number="198"/>
                        <line hits="0" number="202"/>
                        <line hits="0" number="203"/>
                        <line hits="0" number="204"/>
                        <line hits="0" number="209"/>
                        <line hits="0" number="210"/>
                        <line hits="0" number="213"/>
                        <line hits="0" number="218"/>
                        <line hits="0" number="222"/>
                        <line hits="0" number="223"/>
                        <line hits="0" number="224"/>
                        <line hits="0" number="225"/>
                        <line hits="0" number="226"/>
                        <line hits="0" number="230"/>
                        <line hits="0" number="231"/>
                        <line hits="0" number="232"/>
                        <line hits="0" number="235"/>
                        <line hits="0" number="238"/>
                        <line hits="0" number="241"/>
                        <line hits="0" number="242"/>
                        <line hits="0" number="245"/>
                        <line hits="0" number="247"/>
                        <line hits="0" number="249"/>
                        <line hits="0" number="252"/>
                        <line hits="0" number="253"/>
                        <line hits="0" number="255"/>
                        <line hits="0" number="262"/>
                        <line hits="0" number="263"/>
                        <line hits="0" number="264"/>
                        <line hits="0" number="267"/>
                        <line hits="0" number="270"/>
                        <line hits="0" number="271"/>
                        <line hits="0" number="272"/>
                        <line hits="0" number="275"/>
                        <line hits="0" number="278"/>
                        <line hits="0" number="281"/>
                        <line hits="0" number="282"/>
                        <line hits="0" number="288"/>
                        <line hits="0" number="289"/>
                        <line hits="0" number="291"/>
                        <line hits="0" number="292"/>
                        <line hits="0" number="296"/>
                        <line hits="0" number="297"/>
                        <line hits="0" number="302"/>
                        <line hits="0" number="303"/>
                        <line hits="0" number="304"/>
                        <line hits="0" number="306"/>
                        <line hits="0" number="307"/>
                        <line hits="0" number="311"/>
                        <line hits="0" number="314"/>
                        <line hits="0" number="315"/>
                        <line hits="0" number="319"/>
                        <line hits="0" number="323"/>
                        <line hits="0" number="326"/>
                        <line hits="0" number="332"/>
                        <line hits="0" number="333"/>
                        <line hits="0" number="337"/>
                        <line hits="0" number="341"/>
                        <line hits="0" number="342"/>
                        <line hits="0" number="343"/>
                        <line hits="0" number="346"/>
                        <line hits="0" number="351"/>
                        <line hits="0" number="353"/>
                        <line hits="0" number="354"/>
                        <line hits="0" number="357"/>
                        <line hits="0" number="358"/>
                        <line hits="0" number="366"/>
                        <line hits="0" number="369"/>
                        <line hits="0" number="370"/>
                        <line hits="0" number="373"/>
                        <line hits="0" number="374"/>
                        <line hits="0" number="375"/>
                        <line hits="0" number="378"/>
                        <line hits="0" number="379"/>
                        <line hits="0" number="380"/>
                        <line hits="0" number="381"/>
                        <line hits="0" number="382"/>
                        <line hits="0" number="383"/>
                        <line hits="0" number="387"/>
                        <line hits="0" number="388"/>
                        <line hits="0" number="391"/>
                        <line hits="0" number="394"/>
                        <line hits="0" number="397"/>
                        <line hits="0" number="398"/>
                        <line hits="0" number="402"/>
                        <line hits="0" number="403"/>
                        <line hits="0" number="404"/>
                        <line hits="0" number="405"/>
                        <line hits="0" number="406"/>
                        <line hits="0" number="411"/>
                        <line hits="0" number="414"/>
                        <line hits="0" number="417"/>
                        <line hits="0" number="419"/>
                        <line hits="0" number="420"/>
                        <line hits="0" number="423"/>
                        <line hits="0" number="425"/>
                        <line hits="0" number="432"/>
                        <line hits="0" number="433"/>
                        <line hits="0" number="436"/>
                        <line hits="0" number="437"/>
                        <line hits="0" number="440"/>
                        <line hits="0" number="441"/>
                        <line hits="0" number="447"/>
                        <line hits="0" number="448"/>
                        <line hits="0" number="449"/>
                        <line hits="0" number="450"/>
                        <line hits="0" number="454"/>
                        <line hits="0" number="455"/>
                        <line hits="0" number="456"/>
                        <line hits="0" number="457"/>
                        <line hits="0" number="458"/>
                        <line hits="0" number="459"/>
                        <line hits="0" number="460"/>
                        <line hits="0" number="461"/>
                        <line hits="0" number="465"/>
                        <line hits="0" number="466"/>
                        <line hits="0" number="471"/>
                        <line hits="0" number="472"/>
                        <line hits="0" number="473"/>
                        <line hits="0" number="479"/>
                        <line hits="0" number="480"/>
                        <line hits="0" number="482"/>
                        <line hits="0" number="485"/>
                        <line hits="0" number="488"/>
                     </lines>
                  </method>
                  <method branch-rate="NaN" line-rate="0" name="RefreshData" signature="RefreshData(o)">
                     <lines>
                        <line hits="0" number="504"/>
                        <line hits="0" number="505"/>
                        <line hits="0" number="506"/>
                        <line hits="0" number="511"/>
                        <line hits="0" number="512"/>
                        <line hits="0" number="516"/>
                        <line hits="0" number="521"/>
                        <line hits="0" number="524"/>
                        <line hits="0" number="527"/>
                        <line hits="0" number="528"/>
                        <line hits="0" number="533"/>
                        <line hits="0" number="534"/>
                        <line hits="0" number="535"/>
                        <line hits="0" number="540"/>
                        <line hits="0" number="541"/>
                        <line hits="0" number="544"/>
                        <line hits="0" number="547"/>
                        <line hits="0" number="548"/>
                        <line hits="0" number="549"/>
                        <line hits="0" number="552"/>
                        <line hits="0" number="557"/>
                     </lines>
                  </method>
                  <method branch-rate="NaN" line-rate="0" name="UnitsPreSet" signature="UnitsPreSet(o, ~, ~)">
                     <lines>
                        <line hits="0" number="569"/>
                        <line hits="0" number="570"/>
                     </lines>
                  </method>
               </methods>
               <lines>
                  <line hits="0" number="168"/>
                  <line hits="0" number="172"/>
                  <line hits="0" number="173"/>
                  <line hits="0" number="174"/>
                  <line hits="0" number="175"/>
                  <line hits="0" number="178"/>
                  <line hits="0" number="179"/>
                  <line hits="0" number="180"/>
                  <line hits="0" number="184"/>
                  <line hits="0" number="186"/>
                  <line hits="0" number="187"/>
                  <line hits="0" number="188"/>
                  <line hits="0" number="194"/>
                  <line hits="0" number="195"/>
                  <line hits="0" number="197"/>
                  <line hits="0" number="198"/>
                  <line hits="0" number="202"/>
                  <line hits="0" number="203"/>
                  <line hits="0" number="204"/>
                  <line hits="0" number="209"/>
                  <line hits="0" number="210"/>
                  <line hits="0" number="213"/>
                  <line hits="0" number="218"/>
                  <line hits="0" number="222"/>
                  <line hits="0" number="223"/>
                  <line hits="0" number="224"/>
                  <line hits="0" number="225"/>
                  <line hits="0" number="226"/>
                  <line hits="0" number="230"/>
                  <line hits="0" number="231"/>
                  <line hits="0" number="232"/>
                  <line hits="0" number="235"/>
                  <line hits="0" number="238"/>
                  <line hits="0" number="241"/>
                  <line hits="0" number="242"/>
                  <line hits="0" number="245"/>
                  <line hits="0" number="247"/>
                  <line hits="0" number="249"/>
                  <line hits="0" number="252"/>
                  <line hits="0" number="253"/>
                  <line hits="0" number="255"/>
                  <line hits="0" number="262"/>
                  <line hits="0" number="263"/>
                  <line hits="0" number="264"/>
                  <line hits="0" number="267"/>
                  <line hits="0" number="270"/>
                  <line hits="0" number="271"/>
                  <line hits="0" number="272"/>
                  <line hits="0" number="275"/>
                  <line hits="0" number="278"/>
                  <line hits="0" number="281"/>
                  <line hits="0" number="282"/>
                  <line hits="0" number="288"/>
                  <line hits="0" number="289"/>
                  <line hits="0" number="291"/>
                  <line hits="0" number="292"/>
                  <line hits="0" number="296"/>
                  <line hits="0" number="297"/>
                  <line hits="0" number="302"/>
                  <line hits="0" number="303"/>
                  <line hits="0" number="304"/>
                  <line hits="0" number="306"/>
                  <line hits="0" number="307"/>
                  <line hits="0" number="311"/>
                  <line hits="0" number="314"/>
                  <line hits="0" number="315"/>
                  <line hits="0" number="319"/>
                  <line hits="0" number="323"/>
                  <line hits="0" number="326"/>
                  <line hits="0" number="332"/>
                  <line hits="0" number="333"/>
                  <line hits="0" number="337"/>
                  <line hits="0" number="341"/>
                  <line hits="0" number="342"/>
                  <line hits="0" number="343"/>
                  <line hits="0" number="346"/>
                  <line hits="0" number="351"/>
                  <line hits="0" number="353"/>
                  <line hits="0" number="354"/>
                  <line hits="0" number="357"/>
                  <line hits="0" number="358"/>
                  <line hits="0" number="366"/>
                  <line hits="0" number="369"/>
                  <line hits="0" number="370"/>
                  <line hits="0" number="373"/>
                  <line hits="0" number="374"/>
                  <line hits="0" number="375"/>
                  <line hits="0" number="378"/>
                  <line hits="0" number="379"/>
                  <line hits="0" number="380"/>
                  <line hits="0" number="381"/>
                  <line hits="0" number="382"/>
                  <line hits="0" number="383"/>
                  <line hits="0" number="387"/>
                  <line hits="0" number="388"/>
                  <line hits="0" number="391"/>
                  <line hits="0" number="394"/>
                  <line hits="0" number="397"/>
                  <line hits="0" number="398"/>
                  <line hits="0" number="402"/>
                  <line hits="0" number="403"/>
                  <line hits="0" number="404"/>
                  <line hits="0" number="405"/>
                  <line hits="0" number="406"/>
                  <line hits="0" number="411"/>
                  <line hits="0" number="414"/>
                  <line hits="0" number="417"/>
                  <line hits="0" number="419"/>
                  <line hits="0" number="420"/>
                  <line hits="0" number="423"/>
                  <line hits="0" number="425"/>
                  <line hits="0" number="432"/>
                  <line hits="0" number="433"/>
                  <line hits="0" number="436"/>
                  <line hits="0" number="437"/>
                  <line hits="0" number="440"/>
                  <line hits="0" number="441"/>
                  <line hits="0" number="447"/>
                  <line hits="0" number="448"/>
                  <line hits="0" number="449"/>
                  <line hits="0" number="450"/>
                  <line hits="0" number="454"/>
                  <line hits="0" number="455"/>
                  <line hits="0" number="456"/>
                  <line hits="0" number="457"/>
                  <line hits="0" number="458"/>
                  <line hits="0" number="459"/>
                  <line hits="0" number="460"/>
                  <line hits="0" number="461"/>
                  <line hits="0" number="465"/>
                  <line hits="0" number="466"/>
                  <line hits="0" number="471"/>
                  <line hits="0" number="472"/>
                  <line hits="0" number="473"/>
                  <line hits="0" number="479"/>
                  <line hits="0" number="480"/>
                  <line hits="0" number="482"/>
                  <line hits="0" number="485"/>
                  <line hits="0" number="488"/>
                  <line hits="0" number="504"/>
                  <line hits="0" number="505"/>
                  <line hits="0" number="506"/>
                  <line hits="0" number="511"/>
                  <line hits="0" number="512"/>
                  <line hits="0" number="516"/>
                  <line hits="0" number="521"/>
                  <line hits="0" number="524"/>
                  <line hits="0" number="527"/>
                  <line hits="0" number="528"/>
                  <line hits="0" number="533"/>
                  <line hits="0" number="534"/>
                  <line hits="0" number="535"/>
                  <line hits="0" number="540"/>
                  <line hits="0" number="541"/>
                  <line hits="0" number="544"/>
                  <line hits="0" number="547"/>
                  <line hits="0" number="548"/>
                  <line hits="0" number="549"/>
                  <line hits="0" number="552"/>
                  <line hits="0" number="557"/>
                  <line hits="0" number="569"/>
                  <line hits="0" number="570"/>
               </lines>
            </class>
            <class branch-rate="NaN" complexity="NaN" filename="examples_of_line_plot_reducer.m" line-rate="0" name="examples_of_line_plot_reducer">
               <methods/>
               <lines>
                  <line hits="0" number="27"/>
                  <line hits="0" number="32"/>
                  <line hits="0" number="33"/>
                  <line hits="0" number="39"/>
                  <line hits="0" number="42"/>
                  <line hits="0" number="43"/>
                  <line hits="0" number="44"/>
                  <line hits="0" number="45"/>
                  <line hits="0" number="46"/>
                  <line hits="0" number="47"/>
                  <line hits="0" number="48"/>
                  <line hits="0" number="56"/>
                  <line hits="0" number="57"/>
                  <line hits="0" number="61"/>
                  <line hits="0" number="62"/>
                  <line hits="0" number="66"/>
                  <line hits="0" number="70"/>
                  <line hits="0" number="71"/>
                  <line hits="0" number="72"/>
                  <line hits="0" number="76"/>
                  <line hits="0" number="80"/>
                  <line hits="0" number="84"/>
                  <line hits="0" number="88"/>
                  <line hits="0" number="95"/>
                  <line hits="0" number="101"/>
                  <line hits="0" number="103"/>
                  <line hits="0" number="104"/>
                  <line hits="0" number="105"/>
                  <line hits="0" number="106"/>
                  <line hits="0" number="111"/>
                  <line hits="0" number="112"/>
                  <line hits="0" number="117"/>
                  <line hits="0" number="118"/>
                  <line hits="0" number="119"/>
                  <line hits="0" number="120"/>
                  <line hits="0" number="125"/>
                  <line hits="0" number="129"/>
                  <line hits="0" number="135"/>
                  <line hits="0" number="138"/>
                  <line hits="0" number="143"/>
                  <line hits="0" number="146"/>
                  <line hits="0" number="154"/>
                  <line hits="0" number="155"/>
                  <line hits="0" number="156"/>
                  <line hits="0" number="160"/>
                  <line hits="0" number="161"/>
                  <line hits="0" number="165"/>
                  <line hits="0" number="170"/>
                  <line hits="0" number="171"/>
                  <line hits="0" number="172"/>
                  <line hits="0" number="178"/>
                  <line hits="0" number="179"/>
                  <line hits="0" number="184"/>
                  <line hits="0" number="188"/>
                  <line hits="0" number="192"/>
                  <line hits="0" number="196"/>
                  <line hits="0" number="200"/>
                  <line hits="0" number="205"/>
                  <line hits="0" number="206"/>
                  <line hits="0" number="207"/>
                  <line hits="0" number="208"/>
                  <line hits="0" number="209"/>
                  <line hits="0" number="210"/>
                  <line hits="0" number="211"/>
               </lines>
            </class>
            <class branch-rate="NaN" complexity="NaN" filename="get_axes_width.m" line-rate="0" name="get_axes_width">
               <methods/>
               <lines>
                  <line hits="0" number="19"/>
                  <line hits="0" number="22"/>
                  <line hits="0" number="25"/>
                  <line hits="0" number="26"/>
                  <line hits="0" number="30"/>
                  <line hits="0" number="31"/>
                  <line hits="0" number="34"/>
                  <line hits="0" number="35"/>
               </lines>
            </class>
            <class branch-rate="NaN" complexity="NaN" filename="reduce_plot.m" line-rate="0" name="reduce_plot">
               <methods/>
               <lines>
                  <line hits="0" number="12"/>
                  <line hits="0" number="13"/>
               </lines>
            </class>
            <class branch-rate="NaN" complexity="NaN" filename="reduce_to_width.m" line-rate="0" name="reduce_to_width">
               <methods/>
               <lines>
                  <line hits="0" number="37"/>
                  <line hits="0" number="40"/>
                  <line hits="0" number="41"/>
                  <line hits="0" number="42"/>
                  <line hits="0" number="43"/>
                  <line hits="0" number="47"/>
                  <line hits="0" number="48"/>
                  <line hits="0" number="49"/>
                  <line hits="0" number="52"/>
                  <line hits="0" number="58"/>
                  <line hits="0" number="61"/>
                  <line hits="0" number="62"/>
                  <line hits="0" number="63"/>
                  <line hits="0" number="66"/>
                  <line hits="0" number="67"/>
                  <line hits="0" number="68"/>
                  <line hits="0" number="73"/>
                  <line hits="0" number="76"/>
                  <line hits="0" number="77"/>
                  <line hits="0" number="80"/>
                  <line hits="0" number="81"/>
                  <line hits="0" number="82"/>
                  <line hits="0" number="83"/>
                  <line hits="0" number="86"/>
                  <line hits="0" number="87"/>
                  <line hits="0" number="88"/>
                  <line hits="0" number="91"/>
                  <line hits="0" number="96"/>
                  <line hits="0" number="97"/>
                  <line hits="0" number="105"/>
                  <line hits="0" number="106"/>
                  <line hits="0" number="107"/>
                  <line hits="0" number="108"/>
                  <line hits="0" number="109"/>
                  <line hits="0" number="110"/>
               </lines>
            </class>
         </classes>
      </package>
   </packages>
</coverage>