<?xml version="1.0" encoding="utf-8"?>
<coverage branch-rate="NaN" branches-covered="NaN" branches-valid="NaN" complexity="NaN" line-rate="0" lines-covered="0" lines-valid="113" timestamp="1659427805.911" version="">
   <sources>
      <source>C:\Users\mvdm\Documents\GitHub\vandermeerlab\code-matlab\shared\tests\</source>
   </sources>
   <packages>
      <package branch-rate="NaN" complexity="NaN" line-rate="0" name="">
         <classes>
            <class branch-rate="NaN" complexity="NaN" filename="TEST_DecSeqDetectZ.m" line-rate="0" name="TEST_DecSeqDetectZ">
               <methods/>
               <lines>
                  <line hits="0" number="4"/>
                  <line hits="0" number="12"/>
                  <line hits="0" number="14"/>
                  <line hits="0" number="15"/>
                  <line hits="0" number="17"/>
                  <line hits="0" number="18"/>
                  <line hits="0" number="20"/>
                  <line hits="0" number="21"/>
                  <line hits="0" number="23"/>
                  <line hits="0" number="26"/>
                  <line hits="0" number="27"/>
                  <line hits="0" number="30"/>
                  <line hits="0" number="31"/>
                  <line hits="0" number="33"/>
                  <line hits="0" number="34"/>
                  <line hits="0" number="37"/>
                  <line hits="0" number="38"/>
                  <line hits="0" number="40"/>
                  <line hits="0" number="42"/>
                  <line hits="0" number="43"/>
                  <line hits="0" number="46"/>
                  <line hits="0" number="48"/>
                  <line hits="0" number="50"/>
                  <line hits="0" number="51"/>
                  <line hits="0" number="54"/>
                  <line hits="0" number="56"/>
                  <line hits="0" number="58"/>
                  <line hits="0" number="60"/>
                  <line hits="0" number="61"/>
                  <line hits="0" number="64"/>
                  <line hits="0" number="65"/>
                  <line hits="0" number="67"/>
                  <line hits="0" number="69"/>
                  <line hits="0" number="70"/>
                  <line hits="0" number="73"/>
                  <line hits="0" number="75"/>
                  <line hits="0" number="77"/>
                  <line hits="0" number="78"/>
                  <line hits="0" number="81"/>
                  <line hits="0" number="82"/>
                  <line hits="0" number="84"/>
                  <line hits="0" number="86"/>
                  <line hits="0" number="87"/>
                  <line hits="0" number="95"/>
                  <line hits="0" number="96"/>
                  <line hits="0" number="98"/>
                  <line hits="0" number="99"/>
                  <line hits="0" number="100"/>
                  <line hits="0" number="101"/>
                  <line hits="0" number="103"/>
                  <line hits="0" number="105"/>
                  <line hits="0" number="106"/>
                  <line hits="0" number="107"/>
                  <line hits="0" number="108"/>
                  <line hits="0" number="111"/>
                  <line hits="0" number="112"/>
                  <line hits="0" number="113"/>
                  <line hits="0" number="114"/>
                  <line hits="0" number="115"/>
                  <line hits="0" number="118"/>
                  <line hits="0" number="119"/>
                  <line hits="0" number="122"/>
                  <line hits="0" number="125"/>
                  <line hits="0" number="126"/>
                  <line hits="0" number="128"/>
                  <line hits="0" number="131"/>
                  <line hits="0" number="132"/>
                  <line hits="0" number="133"/>
                  <line hits="0" number="134"/>
                  <line hits="0" number="137"/>
                  <line hits="0" number="138"/>
                  <line hits="0" number="139"/>
                  <line hits="0" number="142"/>
                  <line hits="0" number="143"/>
                  <line hits="0" number="144"/>
                  <line hits="0" number="145"/>
                  <line hits="0" number="148"/>
                  <line hits="0" number="149"/>
                  <line hits="0" number="150"/>
                  <line hits="0" number="151"/>
                  <line hits="0" number="152"/>
                  <line hits="0" number="153"/>
                  <line hits="0" number="154"/>
                  <line hits="0" number="155"/>
                  <line hits="0" number="162"/>
                  <line hits="0" number="172"/>
               </lines>
            </class>
            <class branch-rate="NaN" complexity="NaN" filename="TEST_restrict.m" line-rate="0" name="TEST_restrict">
               <methods/>
               <lines>
                  <line hits="0" number="9"/>
                  <line hits="0" number="10"/>
                  <line hits="0" number="12"/>
                  <line hits="0" number="15"/>
                  <line hits="0" number="19"/>
                  <line hits="0" number="22"/>
                  <line hits="0" number="23"/>
                  <line hits="0" number="31"/>
                  <line hits="0" number="33"/>
                  <line hits="0" number="34"/>
                  <line hits="0" number="36"/>
                  <line hits="0" number="39"/>
                  <line hits="0" number="40"/>
                  <line hits="0" number="41"/>
                  <line hits="0" number="42"/>
                  <line hits="0" number="43"/>
                  <line hits="0" number="44"/>
                  <line hits="0" number="45"/>
                  <line hits="0" number="46"/>
                  <line hits="0" number="49"/>
                  <line hits="0" number="50"/>
                  <line hits="0" number="51"/>
                  <line hits="0" number="52"/>
                  <line hits="0" number="53"/>
                  <line hits="0" number="54"/>
                  <line hits="0" number="55"/>
                  <line hits="0" number="56"/>
               </lines>
            </class>
         </classes>
      </package>
   </packages>
</coverage>